Start testing: Jul 30 23:19 +03
----------------------------------------------------------
1/187 Testing: unit_tests
1/187 Test: unit_tests
Command: "/usr/bin/bash" "/home/saqut/Masaüstü/saqutcompiler/tests/run.sh"
Directory: /home/saqut/Masaüstü/saqutcompiler/build-rel
"unit_tests" start time: Jul 30 23:19 +03
Output:
----------------------------------------------------------
=== test_type ===
test_type: TUM TESTLER GECTI
=== test_diagnostic ===
--- printAll ---
test.sqt:3:5: error [E001]: x tanımsız
test.sqt:7:9: error [E003]: int'e string atanamaz
    hint: açık dönüşüm gerekiyor
test.sqt:12:1: warning [W001]: y kullanılmıyor
— 2 error(s), 1 warning(s)
--- toJson ---
{"diagnostics":[{"code":"E001","level":"error","location":{"column":5,"file":"test.sqt","line":3,"offset":40},"message":"x tanımsız"},{"code":"E003","hint":"açık dönüşüm gerekiyor","level":"error","location":{"column":9,"file":"test.sqt","line":7,"offset":88},"message":"int'e string atanamaz"},{"code":"W001","level":"warning","location":{"column":1,"file":"test.sqt","line":12,"offset":150},"message":"y kullanılmıyor"}],"errorCount":2,"warningCount":1}
test_diagnostic: TUM TESTLER GECTI
=== golden ===
  70 geçti, 0 başarısız
=== diferansiyel (VM≡JIT) ===
  26 geçti, 0 başarısız, 44 atlandı (JIT henüz desteklemiyor)
=== modül döngüsü ===
  2 geçti, 0 başarısız
=== gc ===
  3 geçti, 0 başarısız
=== builtin sözdizimi ===
  2 geçti, 0 başarısız
=== TUM TESTLER GECTI ===
<end of output>
Test time =   5.49 sec
----------------------------------------------------------
Test Passed.
"unit_tests" end time: Jul 30 23:19 +03
"unit_tests" time elapsed: 00:00:05
----------------------------------------------------------

2/187 Testing: golden_arithmetic_basic
2/187 Test: golden_arithmetic_basic
Command: "/usr/bin/cmake" "-DBINARY=/home/saqut/Masaüstü/saqutcompiler/build-rel/saqut" "-DSOURCE=/home/saqut/Masaüstü/saqutcompiler/tests/golden/arithmetic/basic.sqt" "-DEXPECTED=/home/saqut/Masaüstü/saqutcompiler/tests/golden/arithmetic/basic.expected" "-DEXTRA_ARGS=" "-P" "/home/saqut/Masaüstü/saqutcompiler/cmake/run_golden.cmake"
Directory: /home/saqut/Masaüstü/saqutcompiler/build-rel
"golden_arithmetic_basic" start time: Jul 30 23:19 +03
Output:
----------------------------------------------------------
<end of output>
Test time =   0.01 sec
----------------------------------------------------------
Test Passed.
"golden_arithmetic_basic" end time: Jul 30 23:19 +03
"golden_arithmetic_basic" time elapsed: 00:00:00
----------------------------------------------------------

3/187 Testing: differential_arithmetic_basic
3/187 Test: differential_arithmetic_basic
Command: "/usr/bin/cmake" "-DBINARY=/home/saqut/Masaüstü/saqutcompiler/build-rel/saqut" "-DSOURCE=/home/saqut/Masaüstü/saqutcompiler/tests/golden/arithmetic/basic.sqt" "-DEXTRA_ARGS=" "-P" "/home/saqut/Masaüstü/saqutcompiler/cmake/run_differential.cmake"
Directory: /home/saqut/Masaüstü/saqutcompiler/build-rel
"differential_arithmetic_basic" start time: Jul 30 23:19 +03
Output:
----------------------------------------------------------
<end of output>
Test time =   0.01 sec
----------------------------------------------------------
Test Passed.
"differential_arithmetic_basic" end time: Jul 30 23:19 +03
"differential_arithmetic_basic" time elapsed: 00:00:00
----------------------------------------------------------

4/187 Testing: golden_arithmetic_compound_mod
4/187 Test: golden_arithmetic_compound_mod
Command: "/usr/bin/cmake" "-DBINARY=/home/saqut/Masaüstü/saqutcompiler/build-rel/saqut" "-DSOURCE=/home/saqut/Masaüstü/saqutcompiler/tests/golden/arithmetic/compound_mod.sqt" "-DEXPECTED=/home/saqut/Masaüstü/saqutcompiler/tests/golden/arithmetic/compound_mod.expected" "-DEXTRA_ARGS=" "-P" "/home/saqut/Masaüstü/saqutcompiler/cmake/run_golden.cmake"
Directory: /home/saqut/Masaüstü/saqutcompiler/build-rel
"golden_arithmetic_compound_mod" start time: Jul 30 23:19 +03
Output:
----------------------------------------------------------
<end of output>
Test time =   0.01 sec
----------------------------------------------------------
Test Passed.
"golden_arithmetic_compound_mod" end time: Jul 30 23:19 +03
"golden_arithmetic_compound_mod" time elapsed: 00:00:00
----------------------------------------------------------

5/187 Testing: differential_arithmetic_compound_mod
5/187 Test: differential_arithmetic_compound_mod
Command: "/usr/bin/cmake" "-DBINARY=/home/saqut/Masaüstü/saqutcompiler/build-rel/saqut" "-DSOURCE=/home/saqut/Masaüstü/saqutcompiler/tests/golden/arithmetic/compound_mod.sqt" "-DEXTRA_ARGS=" "-P" "/home/saqut/Masaüstü/saqutcompiler/cmake/run_differential.cmake"
Directory: /home/saqut/Masaüstü/saqutcompiler/build-rel
"differential_arithmetic_compound_mod" start time: Jul 30 23:19 +03
Output:
----------------------------------------------------------
<end of output>
Test time =   0.01 sec
----------------------------------------------------------
Test Passed.
"differential_arithmetic_compound_mod" end time: Jul 30 23:19 +03
"differential_arithmetic_compound_mod" time elapsed: 00:00:00
----------------------------------------------------------

6/187 Testing: golden_arithmetic_mod_by_zero_runtime_error
6/187 Test: golden_arithmetic_mod_by_zero_runtime_error
Command: "/usr/bin/cmake" "-DBINARY=/home/saqut/Masaüstü/saqutcompiler/build-rel/saqut" "-DSOURCE=/home/saqut/Masaüstü/saqutcompiler/tests/golden/arithmetic/mod_by_zero.sqt" "-DEXPECTED=/home/saqut/Masaüstü/saqutcompiler/tests/golden/arithmetic/mod_by_zero.runtime_error" "-DEXTRA_ARGS=" "-P" "/home/saqut/Masaüstü/saqutcompiler/cmake/run_golden_error.cmake"
Directory: /home/saqut/Masaüstü/saqutcompiler/build-rel
"golden_arithmetic_mod_by_zero_runtime_error" start time: Jul 30 23:19 +03
Output:
----------------------------------------------------------
<end of output>
Test time =   0.01 sec
----------------------------------------------------------
Test Passed.
"golden_arithmetic_mod_by_zero_runtime_error" end time: Jul 30 23:19 +03
"golden_arithmetic_mod_by_zero_runtime_error" time elapsed: 00:00:00
----------------------------------------------------------

7/187 Testing: golden_arithmetic_overflow
7/187 Test: golden_arithmetic_overflow
Command: "/usr/bin/cmake" "-DBINARY=/home/saqut/Masaüstü/saqutcompiler/build-rel/saqut" "-DSOURCE=/home/saqut/Masaüstü/saqutcompiler/tests/golden/arithmetic/overflow.sqt" "-DEXPECTED=/home/saqut/Masaüstü/saqutcompiler/tests/golden/arithmetic/overflow.expected" "-DEXTRA_ARGS=" "-P" "/home/saqut/Masaüstü/saqutcompiler/cmake/run_golden.cmake"
Directory: /home/saqut/Masaüstü/saqutcompiler/build-rel
"golden_arithmetic_overflow" start time: Jul 30 23:19 +03
Output:
----------------------------------------------------------
<end of output>
Test time =   0.01 sec
----------------------------------------------------------
Test Passed.
"golden_arithmetic_overflow" end time: Jul 30 23:19 +03
"golden_arithmetic_overflow" time elapsed: 00:00:00
----------------------------------------------------------

8/187 Testing: differential_arithmetic_overflow
8/187 Test: differential_arithmetic_overflow
Command: "/usr/bin/cmake" "-DBINARY=/home/saqut/Masaüstü/saqutcompiler/build-rel/saqut" "-DSOURCE=/home/saqut/Masaüstü/saqutcompiler/tests/golden/arithmetic/overflow.sqt" "-DEXTRA_ARGS=" "-P" "/home/saqut/Masaüstü/saqutcompiler/cmake/run_differential.cmake"
Directory: /home/saqut/Masaüstü/saqutcompiler/build-rel
"differential_arithmetic_overflow" start time: Jul 30 23:19 +03
Output:
----------------------------------------------------------
<end of output>
Test time =   0.01 sec
----------------------------------------------------------
Test Passed.
"differential_arithmetic_overflow" end time: Jul 30 23:19 +03
"differential_arithmetic_overflow" time elapsed: 00:00:00
----------------------------------------------------------

9/187 Testing: golden_arithmetic_precedence
9/187 Test: golden_arithmetic_precedence
Command: "/usr/bin/cmake" "-DBINARY=/home/saqut/Masaüstü/saqutcompiler/build-rel/saqut" "-DSOURCE=/home/saqut/Masaüstü/saqutcompiler/tests/golden/arithmetic/precedence.sqt" "-DEXPECTED=/home/saqut/Masaüstü/saqutcompiler/tests/golden/arithmetic/precedence.expected" "-DEXTRA_ARGS=" "-P" "/home/saqut/Masaüstü/saqutcompiler/cmake/run_golden.cmake"
Directory: /home/saqut/Masaüstü/saqutcompiler/build-rel
"golden_arithmetic_precedence" start time: Jul 30 23:19 +03
Output:
----------------------------------------------------------
<end of output>
Test time =   0.01 sec
----------------------------------------------------------
Test Passed.
"golden_arithmetic_precedence" end time: Jul 30 23:19 +03
"golden_arithmetic_precedence" time elapsed: 00:00:00
----------------------------------------------------------

10/187 Testing: differential_arithmetic_precedence
10/187 Test: differential_arithmetic_precedence
Command: "/usr/bin/cmake" "-DBINARY=/home/saqut/Masaüstü/saqutcompiler/build-rel/saqut" "-DSOURCE=/home/saqut/Masaüstü/saqutcompiler/tests/golden/arithmetic/precedence.sqt" "-DEXTRA_ARGS=" "-P" "/home/saqut/Masaüstü/saqutcompiler/cmake/run_differential.cmake"
Directory: /home/saqut/Masaüstü/saqutcompiler/build-rel
"differential_arithmetic_precedence" start time: Jul 30 23:19 +03
Output:
----------------------------------------------------------
<end of output>
Test time =   0.01 sec
----------------------------------------------------------
Test Passed.
"differential_arithmetic_precedence" end time: Jul 30 23:19 +03
"differential_arithmetic_precedence" time elapsed: 00:00:00
----------------------------------------------------------

11/187 Testing: golden_array_ref_semantics
11/187 Test: golden_array_ref_semantics
Command: "/usr/bin/cmake" "-DBINARY=/home/saqut/Masaüstü/saqutcompiler/build-rel/saqut" "-DSOURCE=/home/saqut/Masaüstü/saqutcompiler/tests/golden/array/ref_semantics.sqt" "-DEXPECTED=/home/saqut/Masaüstü/saqutcompiler/tests/golden/array/ref_semantics.expected" "-DEXTRA_ARGS=" "-P" "/home/saqut/Masaüstü/saqutcompiler/cmake/run_golden.cmake"
Directory: /home/saqut/Masaüstü/saqutcompiler/build-rel
"golden_array_ref_semantics" start time: Jul 30 23:19 +03
Output:
----------------------------------------------------------
<end of output>
Test time =   0.01 sec
----------------------------------------------------------
Test Passed.
"golden_array_ref_semantics" end time: Jul 30 23:19 +03
"golden_array_ref_semantics" time elapsed: 00:00:00
----------------------------------------------------------

12/187 Testing: differential_array_ref_semantics
12/187 Test: differential_array_ref_semantics
Command: "/usr/bin/cmake" "-DBINARY=/home/saqut/Masaüstü/saqutcompiler/build-rel/saqut" "-DSOURCE=/home/saqut/Masaüstü/saqutcompiler/tests/golden/array/ref_semantics.sqt" "-DEXTRA_ARGS=" "-P" "/home/saqut/Masaüstü/saqutcompiler/cmake/run_differential.cmake"
Directory: /home/saqut/Masaüstü/saqutcompiler/build-rel
"differential_array_ref_semantics" start time: Jul 30 23:19 +03
Output:
----------------------------------------------------------
-- SKIP: JIT bu fixture'i henuz derlemiyor — /home/saqut/Masaüstü/saqutcompiler/tests/golden/array/ref_semantics.sqt
error: --jit bu programi tam olarak derleyemiyor (fonksiyon 'degistir', desteklenmeyen opcode: ARRAY_SET) — VM'e sessizce dusulmuyor, bkz. MIRPLAN.md.

<end of output>
Test time =   0.01 sec
----------------------------------------------------------
Test Pass Reason:
Skip regular expression found in output. Regex=[SKIP: JIT bu fixture]
"differential_array_ref_semantics" end time: Jul 30 23:19 +03
"differential_array_ref_semantics" time elapsed: 00:00:00
----------------------------------------------------------

13/187 Testing: golden_bitwise_basic
13/187 Test: golden_bitwise_basic
Command: "/usr/bin/cmake" "-DBINARY=/home/saqut/Masaüstü/saqutcompiler/build-rel/saqut" "-DSOURCE=/home/saqut/Masaüstü/saqutcompiler/tests/golden/bitwise/basic.sqt" "-DEXPECTED=/home/saqut/Masaüstü/saqutcompiler/tests/golden/bitwise/basic.expected" "-DEXTRA_ARGS=" "-P" "/home/saqut/Masaüstü/saqutcompiler/cmake/run_golden.cmake"
Directory: /home/saqut/Masaüstü/saqutcompiler/build-rel
"golden_bitwise_basic" start time: Jul 30 23:19 +03
Output:
----------------------------------------------------------
<end of output>
Test time =   0.01 sec
----------------------------------------------------------
Test Passed.
"golden_bitwise_basic" end time: Jul 30 23:19 +03
"golden_bitwise_basic" time elapsed: 00:00:00
----------------------------------------------------------

14/187 Testing: differential_bitwise_basic
14/187 Test: differential_bitwise_basic
Command: "/usr/bin/cmake" "-DBINARY=/home/saqut/Masaüstü/saqutcompiler/build-rel/saqut" "-DSOURCE=/home/saqut/Masaüstü/saqutcompiler/tests/golden/bitwise/basic.sqt" "-DEXTRA_ARGS=" "-P" "/home/saqut/Masaüstü/saqutcompiler/cmake/run_differential.cmake"
Directory: /home/saqut/Masaüstü/saqutcompiler/build-rel
"differential_bitwise_basic" start time: Jul 30 23:19 +03
Output:
----------------------------------------------------------
<end of output>
Test time =   0.01 sec
----------------------------------------------------------
Test Passed.
"differential_bitwise_basic" end time: Jul 30 23:19 +03
"differential_bitwise_basic" time elapsed: 00:00:00
----------------------------------------------------------

15/187 Testing: golden_bitwise_compound
15/187 Test: golden_bitwise_compound
Command: "/usr/bin/cmake" "-DBINARY=/home/saqut/Masaüstü/saqutcompiler/build-rel/saqut" "-DSOURCE=/home/saqut/Masaüstü/saqutcompiler/tests/golden/bitwise/compound.sqt" "-DEXPECTED=/home/saqut/Masaüstü/saqutcompiler/tests/golden/bitwise/compound.expected" "-DEXTRA_ARGS=" "-P" "/home/saqut/Masaüstü/saqutcompiler/cmake/run_golden.cmake"
Directory: /home/saqut/Masaüstü/saqutcompiler/build-rel
"golden_bitwise_compound" start time: Jul 30 23:19 +03
Output:
----------------------------------------------------------
<end of output>
Test time =   0.01 sec
----------------------------------------------------------
Test Passed.
"golden_bitwise_compound" end time: Jul 30 23:19 +03
"golden_bitwise_compound" time elapsed: 00:00:00
----------------------------------------------------------

16/187 Testing: differential_bitwise_compound
16/187 Test: differential_bitwise_compound
Command: "/usr/bin/cmake" "-DBINARY=/home/saqut/Masaüstü/saqutcompiler/build-rel/saqut" "-DSOURCE=/home/saqut/Masaüstü/saqutcompiler/tests/golden/bitwise/compound.sqt" "-DEXTRA_ARGS=" "-P" "/home/saqut/Masaüstü/saqutcompiler/cmake/run_differential.cmake"
Directory: /home/saqut/Masaüstü/saqutcompiler/build-rel
"differential_bitwise_compound" start time: Jul 30 23:19 +03
Output:
----------------------------------------------------------
<end of output>
Test time =   0.01 sec
----------------------------------------------------------
Test Passed.
"differential_bitwise_compound" end time: Jul 30 23:19 +03
"differential_bitwise_compound" time elapsed: 00:00:00
----------------------------------------------------------

17/187 Testing: golden_builtin_array_bool
17/187 Test: golden_builtin_array_bool
Command: "/usr/bin/cmake" "-DBINARY=/home/saqut/Masaüstü/saqutcompiler/build-rel/saqut" "-DSOURCE=/home/saqut/Masaüstü/saqutcompiler/tests/golden/builtin/array_bool.sqt" "-DEXPECTED=/home/saqut/Masaüstü/saqutcompiler/tests/golden/builtin/array_bool.expected" "-DEXTRA_ARGS=" "-P" "/home/saqut/Masaüstü/saqutcompiler/cmake/run_golden.cmake"
Directory: /home/saqut/Masaüstü/saqutcompiler/build-rel
"golden_builtin_array_bool" start time: Jul 30 23:19 +03
Output:
----------------------------------------------------------
<end of output>
Test time =   0.01 sec
----------------------------------------------------------
Test Passed.
"golden_builtin_array_bool" end time: Jul 30 23:19 +03
"golden_builtin_array_bool" time elapsed: 00:00:00
----------------------------------------------------------

18/187 Testing: differential_builtin_array_bool
18/187 Test: differential_builtin_array_bool
Command: "/usr/bin/cmake" "-DBINARY=/home/saqut/Masaüstü/saqutcompiler/build-rel/saqut" "-DSOURCE=/home/saqut/Masaüstü/saqutcompiler/tests/golden/builtin/array_bool.sqt" "-DEXTRA_ARGS=" "-P" "/home/saqut/Masaüstü/saqutcompiler/cmake/run_differential.cmake"
Directory: /home/saqut/Masaüstü/saqutcompiler/build-rel
"differential_builtin_array_bool" start time: Jul 30 23:19 +03
Output:
----------------------------------------------------------
-- SKIP: JIT bu fixture'i henuz derlemiyor — /home/saqut/Masaüstü/saqutcompiler/tests/golden/builtin/array_bool.sqt
error: --jit bu programi tam olarak derleyemiyor (fonksiyon 'main', desteklenmeyen opcode: ARRAY_NEW) — VM'e sessizce dusulmuyor, bkz. MIRPLAN.md.

<end of output>
Test time =   0.01 sec
----------------------------------------------------------
Test Pass Reason:
Skip regular expression found in output. Regex=[SKIP: JIT bu fixture]
"differential_builtin_array_bool" end time: Jul 30 23:19 +03
"differential_builtin_array_bool" time elapsed: 00:00:00
----------------------------------------------------------

19/187 Testing: golden_builtin_array_float
19/187 Test: golden_builtin_array_float
Command: "/usr/bin/cmake" "-DBINARY=/home/saqut/Masaüstü/saqutcompiler/build-rel/saqut" "-DSOURCE=/home/saqut/Masaüstü/saqutcompiler/tests/golden/builtin/array_float.sqt" "-DEXPECTED=/home/saqut/Masaüstü/saqutcompiler/tests/golden/builtin/array_float.expected" "-DEXTRA_ARGS=" "-P" "/home/saqut/Masaüstü/saqutcompiler/cmake/run_golden.cmake"
Directory: /home/saqut/Masaüstü/saqutcompiler/build-rel
"golden_builtin_array_float" start time: Jul 30 23:19 +03
Output:
----------------------------------------------------------
<end of output>
Test time =   0.01 sec
----------------------------------------------------------
Test Passed.
"golden_builtin_array_float" end time: Jul 30 23:19 +03
"golden_builtin_array_float" time elapsed: 00:00:00
----------------------------------------------------------

20/187 Testing: differential_builtin_array_float
20/187 Test: differential_builtin_array_float
Command: "/usr/bin/cmake" "-DBINARY=/home/saqut/Masaüstü/saqutcompiler/build-rel/saqut" "-DSOURCE=/home/saqut/Masaüstü/saqutcompiler/tests/golden/builtin/array_float.sqt" "-DEXTRA_ARGS=" "-P" "/home/saqut/Masaüstü/saqutcompiler/cmake/run_differential.cmake"
Directory: /home/saqut/Masaüstü/saqutcompiler/build-rel
"differential_builtin_array_float" start time: Jul 30 23:19 +03
Output:
----------------------------------------------------------
-- SKIP: JIT bu fixture'i henuz derlemiyor — /home/saqut/Masaüstü/saqutcompiler/tests/golden/builtin/array_float.sqt
error: --jit bu programi tam olarak derleyemiyor (fonksiyon 'main', desteklenmeyen opcode: ARRAY_NEW) — VM'e sessizce dusulmuyor, bkz. MIRPLAN.md.

<end of output>
Test time =   0.01 sec
----------------------------------------------------------
Test Pass Reason:
Skip regular expression found in output. Regex=[SKIP: JIT bu fixture]
"differential_builtin_array_float" end time: Jul 30 23:19 +03
"differential_builtin_array_float" time elapsed: 00:00:00
----------------------------------------------------------

21/187 Testing: golden_builtin_array_int
21/187 Test: golden_builtin_array_int
Command: "/usr/bin/cmake" "-DBINARY=/home/saqut/Masaüstü/saqutcompiler/build-rel/saqut" "-DSOURCE=/home/saqut/Masaüstü/saqutcompiler/tests/golden/builtin/array_int.sqt" "-DEXPECTED=/home/saqut/Masaüstü/saqutcompiler/tests/golden/builtin/array_int.expected" "-DEXTRA_ARGS=" "-P" "/home/saqut/Masaüstü/saqutcompiler/cmake/run_golden.cmake"
Directory: /home/saqut/Masaüstü/saqutcompiler/build-rel
"golden_builtin_array_int" start time: Jul 30 23:19 +03
Output:
----------------------------------------------------------
<end of output>
Test time =   0.01 sec
----------------------------------------------------------
Test Passed.
"golden_builtin_array_int" end time: Jul 30 23:19 +03
"golden_builtin_array_int" time elapsed: 00:00:00
----------------------------------------------------------

22/187 Testing: differential_builtin_array_int
22/187 Test: differential_builtin_array_int
Command: "/usr/bin/cmake" "-DBINARY=/home/saqut/Masaüstü/saqutcompiler/build-rel/saqut" "-DSOURCE=/home/saqut/Masaüstü/saqutcompiler/tests/golden/builtin/array_int.sqt" "-DEXTRA_ARGS=" "-P" "/home/saqut/Masaüstü/saqutcompiler/cmake/run_differential.cmake"
Directory: /home/saqut/Masaüstü/saqutcompiler/build-rel
"differential_builtin_array_int" start time: Jul 30 23:19 +03
Output:
----------------------------------------------------------
-- SKIP: JIT bu fixture'i henuz derlemiyor — /home/saqut/Masaüstü/saqutcompiler/tests/golden/builtin/array_int.sqt
error: --jit bu programi tam olarak derleyemiyor (fonksiyon 'main', desteklenmeyen opcode: ARRAY_NEW) — VM'e sessizce dusulmuyor, bkz. MIRPLAN.md.

<end of output>
Test time =   0.01 sec
----------------------------------------------------------
Test Pass Reason:
Skip regular expression found in output. Regex=[SKIP: JIT bu fixture]
"differential_builtin_array_int" end time: Jul 30 23:19 +03
"differential_builtin_array_int" time elapsed: 00:00:00
----------------------------------------------------------

23/187 Testing: golden_builtin_array_string
23/187 Test: golden_builtin_array_string
Command: "/usr/bin/cmake" "-DBINARY=/home/saqut/Masaüstü/saqutcompiler/build-rel/saqut" "-DSOURCE=/home/saqut/Masaüstü/saqutcompiler/tests/golden/builtin/array_string.sqt" "-DEXPECTED=/home/saqut/Masaüstü/saqutcompiler/tests/golden/builtin/array_string.expected" "-DEXTRA_ARGS=" "-P" "/home/saqut/Masaüstü/saqutcompiler/cmake/run_golden.cmake"
Directory: /home/saqut/Masaüstü/saqutcompiler/build-rel
"golden_builtin_array_string" start time: Jul 30 23:19 +03
Output:
----------------------------------------------------------
<end of output>
Test time =   0.01 sec
----------------------------------------------------------
Test Passed.
"golden_builtin_array_string" end time: Jul 30 23:19 +03
"golden_builtin_array_string" time elapsed: 00:00:00
----------------------------------------------------------

24/187 Testing: differential_builtin_array_string
24/187 Test: differential_builtin_array_string
Command: "/usr/bin/cmake" "-DBINARY=/home/saqut/Masaüstü/saqutcompiler/build-rel/saqut" "-DSOURCE=/home/saqut/Masaüstü/saqutcompiler/tests/golden/builtin/array_string.sqt" "-DEXTRA_ARGS=" "-P" "/home/saqut/Masaüstü/saqutcompiler/cmake/run_differential.cmake"
Directory: /home/saqut/Masaüstü/saqutcompiler/build-rel
"differential_builtin_array_string" start time: Jul 30 23:19 +03
Output:
----------------------------------------------------------
-- SKIP: JIT bu fixture'i henuz derlemiyor — /home/saqut/Masaüstü/saqutcompiler/tests/golden/builtin/array_string.sqt
error: --jit bu programi tam olarak derleyemiyor (fonksiyon 'main', desteklenmeyen opcode: ARRAY_NEW) — VM'e sessizce dusulmuyor, bkz. MIRPLAN.md.

<end of output>
Test time =   0.01 sec
----------------------------------------------------------
Test Pass Reason:
Skip regular expression found in output. Regex=[SKIP: JIT bu fixture]
"differential_builtin_array_string" end time: Jul 30 23:19 +03
"differential_builtin_array_string" time elapsed: 00:00:00
----------------------------------------------------------

25/187 Testing: golden_builtin_string_part1
25/187 Test: golden_builtin_string_part1
Command: "/usr/bin/cmake" "-DBINARY=/home/saqut/Masaüstü/saqutcompiler/build-rel/saqut" "-DSOURCE=/home/saqut/Masaüstü/saqutcompiler/tests/golden/builtin/string_part1.sqt" "-DEXPECTED=/home/saqut/Masaüstü/saqutcompiler/tests/golden/builtin/string_part1.expected" "-DEXTRA_ARGS=" "-P" "/home/saqut/Masaüstü/saqutcompiler/cmake/run_golden.cmake"
Directory: /home/saqut/Masaüstü/saqutcompiler/build-rel
"golden_builtin_string_part1" start time: Jul 30 23:19 +03
Output:
----------------------------------------------------------
<end of output>
Test time =   0.01 sec
----------------------------------------------------------
Test Passed.
"golden_builtin_string_part1" end time: Jul 30 23:19 +03
"golden_builtin_string_part1" time elapsed: 00:00:00
----------------------------------------------------------

26/187 Testing: differential_builtin_string_part1
26/187 Test: differential_builtin_string_part1
Command: "/usr/bin/cmake" "-DBINARY=/home/saqut/Masaüstü/saqutcompiler/build-rel/saqut" "-DSOURCE=/home/saqut/Masaüstü/saqutcompiler/tests/golden/builtin/string_part1.sqt" "-DEXTRA_ARGS=" "-P" "/home/saqut/Masaüstü/saqutcompiler/cmake/run_differential.cmake"
Directory: /home/saqut/Masaüstü/saqutcompiler/build-rel
"differential_builtin_string_part1" start time: Jul 30 23:19 +03
Output:
----------------------------------------------------------
-- SKIP: JIT bu fixture'i henuz derlemiyor — /home/saqut/Masaüstü/saqutcompiler/tests/golden/builtin/string_part1.sqt
error: --jit bu programi tam olarak derleyemiyor (fonksiyon 'main', desteklenmeyen opcode: CALLHOST) — VM'e sessizce dusulmuyor, bkz. MIRPLAN.md.

<end of output>
Test time =   0.01 sec
----------------------------------------------------------
Test Pass Reason:
Skip regular expression found in output. Regex=[SKIP: JIT bu fixture]
"differential_builtin_string_part1" end time: Jul 30 23:19 +03
"differential_builtin_string_part1" time elapsed: 00:00:00
----------------------------------------------------------

27/187 Testing: golden_builtin_string_part2
27/187 Test: golden_builtin_string_part2
Command: "/usr/bin/cmake" "-DBINARY=/home/saqut/Masaüstü/saqutcompiler/build-rel/saqut" "-DSOURCE=/home/saqut/Masaüstü/saqutcompiler/tests/golden/builtin/string_part2.sqt" "-DEXPECTED=/home/saqut/Masaüstü/saqutcompiler/tests/golden/builtin/string_part2.expected" "-DEXTRA_ARGS=" "-P" "/home/saqut/Masaüstü/saqutcompiler/cmake/run_golden.cmake"
Directory: /home/saqut/Masaüstü/saqutcompiler/build-rel
"golden_builtin_string_part2" start time: Jul 30 23:19 +03
Output:
----------------------------------------------------------
<end of output>
Test time =   0.01 sec
----------------------------------------------------------
Test Passed.
"golden_builtin_string_part2" end time: Jul 30 23:19 +03
"golden_builtin_string_part2" time elapsed: 00:00:00
----------------------------------------------------------

28/187 Testing: differential_builtin_string_part2
28/187 Test: differential_builtin_string_part2
Command: "/usr/bin/cmake" "-DBINARY=/home/saqut/Masaüstü/saqutcompiler/build-rel/saqut" "-DSOURCE=/home/saqut/Masaüstü/saqutcompiler/tests/golden/builtin/string_part2.sqt" "-DEXTRA_ARGS=" "-P" "/home/saqut/Masaüstü/saqutcompiler/cmake/run_differential.cmake"
Directory: /home/saqut/Masaüstü/saqutcompiler/build-rel
"differential_builtin_string_part2" start time: Jul 30 23:19 +03
Output:
----------------------------------------------------------
-- SKIP: JIT bu fixture'i henuz derlemiyor — /home/saqut/Masaüstü/saqutcompiler/tests/golden/builtin/string_part2.sqt
error: --jit bu programi tam olarak derleyemiyor (fonksiyon 'main', desteklenmeyen opcode: CALLHOST) — VM'e sessizce dusulmuyor, bkz. MIRPLAN.md.

<end of output>
Test time =   0.01 sec
----------------------------------------------------------
Test Pass Reason:
Skip regular expression found in output. Regex=[SKIP: JIT bu fixture]
"differential_builtin_string_part2" end time: Jul 30 23:19 +03
"differential_builtin_string_part2" time elapsed: 00:00:00
----------------------------------------------------------

29/187 Testing: golden_builtin_string_part3
29/187 Test: golden_builtin_string_part3
Command: "/usr/bin/cmake" "-DBINARY=/home/saqut/Masaüstü/saqutcompiler/build-rel/saqut" "-DSOURCE=/home/saqut/Masaüstü/saqutcompiler/tests/golden/builtin/string_part3.sqt" "-DEXPECTED=/home/saqut/Masaüstü/saqutcompiler/tests/golden/builtin/string_part3.expected" "-DEXTRA_ARGS=" "-P" "/home/saqut/Masaüstü/saqutcompiler/cmake/run_golden.cmake"
Directory: /home/saqut/Masaüstü/saqutcompiler/build-rel
"golden_builtin_string_part3" start time: Jul 30 23:19 +03
Output:
----------------------------------------------------------
<end of output>
Test time =   0.01 sec
----------------------------------------------------------
Test Passed.
"golden_builtin_string_part3" end time: Jul 30 23:19 +03
"golden_builtin_string_part3" time elapsed: 00:00:00
----------------------------------------------------------

30/187 Testing: differential_builtin_string_part3
30/187 Test: differential_builtin_string_part3
Command: "/usr/bin/cmake" "-DBINARY=/home/saqut/Masaüstü/saqutcompiler/build-rel/saqut" "-DSOURCE=/home/saqut/Masaüstü/saqutcompiler/tests/golden/builtin/string_part3.sqt" "-DEXTRA_ARGS=" "-P" "/home/saqut/Masaüstü/saqutcompiler/cmake/run_differential.cmake"
Directory: /home/saqut/Masaüstü/saqutcompiler/build-rel
"differential_builtin_string_part3" start time: Jul 30 23:19 +03
Output:
----------------------------------------------------------
-- SKIP: JIT bu fixture'i henuz derlemiyor — /home/saqut/Masaüstü/saqutcompiler/tests/golden/builtin/string_part3.sqt
error: --jit bu programi tam olarak derleyemiyor (fonksiyon 'main', desteklenmeyen opcode: CALLHOST) — VM'e sessizce dusulmuyor, bkz. MIRPLAN.md.

<end of output>
Test time =   0.01 sec
----------------------------------------------------------
Test Pass Reason:
Skip regular expression found in output. Regex=[SKIP: JIT bu fixture]
"differential_builtin_string_part3" end time: Jul 30 23:19 +03
"differential_builtin_string_part3" time elapsed: 00:00:00
----------------------------------------------------------

31/187 Testing: golden_builtin_struct_array
31/187 Test: golden_builtin_struct_array
Command: "/usr/bin/cmake" "-DBINARY=/home/saqut/Masaüstü/saqutcompiler/build-rel/saqut" "-DSOURCE=/home/saqut/Masaüstü/saqutcompiler/tests/golden/builtin/struct_array.sqt" "-DEXPECTED=/home/saqut/Masaüstü/saqutcompiler/tests/golden/builtin/struct_array.expected" "-DEXTRA_ARGS=" "-P" "/home/saqut/Masaüstü/saqutcompiler/cmake/run_golden.cmake"
Directory: /home/saqut/Masaüstü/saqutcompiler/build-rel
"golden_builtin_struct_array" start time: Jul 30 23:19 +03
Output:
----------------------------------------------------------
<end of output>
Test time =   0.01 sec
----------------------------------------------------------
Test Passed.
"golden_builtin_struct_array" end time: Jul 30 23:19 +03
"golden_builtin_struct_array" time elapsed: 00:00:00
----------------------------------------------------------

32/187 Testing: differential_builtin_struct_array
32/187 Test: differential_builtin_struct_array
Command: "/usr/bin/cmake" "-DBINARY=/home/saqut/Masaüstü/saqutcompiler/build-rel/saqut" "-DSOURCE=/home/saqut/Masaüstü/saqutcompiler/tests/golden/builtin/struct_array.sqt" "-DEXTRA_ARGS=" "-P" "/home/saqut/Masaüstü/saqutcompiler/cmake/run_differential.cmake"
Directory: /home/saqut/Masaüstü/saqutcompiler/build-rel
"differential_builtin_struct_array" start time: Jul 30 23:19 +03
Output:
----------------------------------------------------------
-- SKIP: JIT bu fixture'i henuz derlemiyor — /home/saqut/Masaüstü/saqutcompiler/tests/golden/builtin/struct_array.sqt
error: --jit bu programi tam olarak derleyemiyor (fonksiyon 'main', desteklenmeyen opcode: ARRAY_NEW) — VM'e sessizce dusulmuyor, bkz. MIRPLAN.md.

<end of output>
Test time =   0.01 sec
----------------------------------------------------------
Test Pass Reason:
Skip regular expression found in output. Regex=[SKIP: JIT bu fixture]
"differential_builtin_struct_array" end time: Jul 30 23:19 +03
"differential_builtin_struct_array" time elapsed: 00:00:00
----------------------------------------------------------

33/187 Testing: golden_builtin_struct_methods
33/187 Test: golden_builtin_struct_methods
Command: "/usr/bin/cmake" "-DBINARY=/home/saqut/Masaüstü/saqutcompiler/build-rel/saqut" "-DSOURCE=/home/saqut/Masaüstü/saqutcompiler/tests/golden/builtin/struct_methods.sqt" "-DEXPECTED=/home/saqut/Masaüstü/saqutcompiler/tests/golden/builtin/struct_methods.expected" "-DEXTRA_ARGS=" "-P" "/home/saqut/Masaüstü/saqutcompiler/cmake/run_golden.cmake"
Directory: /home/saqut/Masaüstü/saqutcompiler/build-rel
"golden_builtin_struct_methods" start time: Jul 30 23:19 +03
Output:
----------------------------------------------------------
<end of output>
Test time =   0.01 sec
----------------------------------------------------------
Test Passed.
"golden_builtin_struct_methods" end time: Jul 30 23:19 +03
"golden_builtin_struct_methods" time elapsed: 00:00:00
----------------------------------------------------------

34/187 Testing: differential_builtin_struct_methods
34/187 Test: differential_builtin_struct_methods
Command: "/usr/bin/cmake" "-DBINARY=/home/saqut/Masaüstü/saqutcompiler/build-rel/saqut" "-DSOURCE=/home/saqut/Masaüstü/saqutcompiler/tests/golden/builtin/struct_methods.sqt" "-DEXTRA_ARGS=" "-P" "/home/saqut/Masaüstü/saqutcompiler/cmake/run_differential.cmake"
Directory: /home/saqut/Masaüstü/saqutcompiler/build-rel
"differential_builtin_struct_methods" start time: Jul 30 23:19 +03
Output:
----------------------------------------------------------
-- SKIP: JIT bu fixture'i henuz derlemiyor — /home/saqut/Masaüstü/saqutcompiler/tests/golden/builtin/struct_methods.sqt
error: --jit bu programi tam olarak derleyemiyor (fonksiyon 'main', desteklenmeyen opcode: STRUCT_NEW) — VM'e sessizce dusulmuyor, bkz. MIRPLAN.md.

<end of output>
Test time =   0.01 sec
----------------------------------------------------------
Test Pass Reason:
Skip regular expression found in output. Regex=[SKIP: JIT bu fixture]
"differential_builtin_struct_methods" end time: Jul 30 23:19 +03
"differential_builtin_struct_methods" time elapsed: 00:00:00
----------------------------------------------------------

35/187 Testing: golden_byte_arithmetic
35/187 Test: golden_byte_arithmetic
Command: "/usr/bin/cmake" "-DBINARY=/home/saqut/Masaüstü/saqutcompiler/build-rel/saqut" "-DSOURCE=/home/saqut/Masaüstü/saqutcompiler/tests/golden/byte/arithmetic.sqt" "-DEXPECTED=/home/saqut/Masaüstü/saqutcompiler/tests/golden/byte/arithmetic.expected" "-DEXTRA_ARGS=" "-P" "/home/saqut/Masaüstü/saqutcompiler/cmake/run_golden.cmake"
Directory: /home/saqut/Masaüstü/saqutcompiler/build-rel
"golden_byte_arithmetic" start time: Jul 30 23:19 +03
Output:
----------------------------------------------------------
<end of output>
Test time =   0.01 sec
----------------------------------------------------------
Test Passed.
"golden_byte_arithmetic" end time: Jul 30 23:19 +03
"golden_byte_arithmetic" time elapsed: 00:00:00
----------------------------------------------------------

36/187 Testing: differential_byte_arithmetic
36/187 Test: differential_byte_arithmetic
Command: "/usr/bin/cmake" "-DBINARY=/home/saqut/Masaüstü/saqutcompiler/build-rel/saqut" "-DSOURCE=/home/saqut/Masaüstü/saqutcompiler/tests/golden/byte/arithmetic.sqt" "-DEXTRA_ARGS=" "-P" "/home/saqut/Masaüstü/saqutcompiler/cmake/run_differential.cmake"
Directory: /home/saqut/Masaüstü/saqutcompiler/build-rel
"differential_byte_arithmetic" start time: Jul 30 23:19 +03
Output:
----------------------------------------------------------
<end of output>
Test time =   0.01 sec
----------------------------------------------------------
Test Passed.
"differential_byte_arithmetic" end time: Jul 30 23:19 +03
"differential_byte_arithmetic" time elapsed: 00:00:00
----------------------------------------------------------

37/187 Testing: golden_byte_array
37/187 Test: golden_byte_array
Command: "/usr/bin/cmake" "-DBINARY=/home/saqut/Masaüstü/saqutcompiler/build-rel/saqut" "-DSOURCE=/home/saqut/Masaüstü/saqutcompiler/tests/golden/byte/array.sqt" "-DEXPECTED=/home/saqut/Masaüstü/saqutcompiler/tests/golden/byte/array.expected" "-DEXTRA_ARGS=" "-P" "/home/saqut/Masaüstü/saqutcompiler/cmake/run_golden.cmake"
Directory: /home/saqut/Masaüstü/saqutcompiler/build-rel
"golden_byte_array" start time: Jul 30 23:19 +03
Output:
----------------------------------------------------------
<end of output>
Test time =   0.01 sec
----------------------------------------------------------
Test Passed.
"golden_byte_array" end time: Jul 30 23:19 +03
"golden_byte_array" time elapsed: 00:00:00
----------------------------------------------------------

38/187 Testing: differential_byte_array
38/187 Test: differential_byte_array
Command: "/usr/bin/cmake" "-DBINARY=/home/saqut/Masaüstü/saqutcompiler/build-rel/saqut" "-DSOURCE=/home/saqut/Masaüstü/saqutcompiler/tests/golden/byte/array.sqt" "-DEXTRA_ARGS=" "-P" "/home/saqut/Masaüstü/saqutcompiler/cmake/run_differential.cmake"
Directory: /home/saqut/Masaüstü/saqutcompiler/build-rel
"differential_byte_array" start time: Jul 30 23:19 +03
Output:
----------------------------------------------------------
-- SKIP: JIT bu fixture'i henuz derlemiyor — /home/saqut/Masaüstü/saqutcompiler/tests/golden/byte/array.sqt
error: --jit bu programi tam olarak derleyemiyor (fonksiyon 'main', desteklenmeyen opcode: ARRAY_NEW) — VM'e sessizce dusulmuyor, bkz. MIRPLAN.md.

<end of output>
Test time =   0.01 sec
----------------------------------------------------------
Test Pass Reason:
Skip regular expression found in output. Regex=[SKIP: JIT bu fixture]
"differential_byte_array" end time: Jul 30 23:19 +03
"differential_byte_array" time elapsed: 00:00:00
----------------------------------------------------------

39/187 Testing: golden_byte_cast
39/187 Test: golden_byte_cast
Command: "/usr/bin/cmake" "-DBINARY=/home/saqut/Masaüstü/saqutcompiler/build-rel/saqut" "-DSOURCE=/home/saqut/Masaüstü/saqutcompiler/tests/golden/byte/cast.sqt" "-DEXPECTED=/home/saqut/Masaüstü/saqutcompiler/tests/golden/byte/cast.expected" "-DEXTRA_ARGS=" "-P" "/home/saqut/Masaüstü/saqutcompiler/cmake/run_golden.cmake"
Directory: /home/saqut/Masaüstü/saqutcompiler/build-rel
"golden_byte_cast" start time: Jul 30 23:19 +03
Output:
----------------------------------------------------------
<end of output>
Test time =   0.01 sec
----------------------------------------------------------
Test Passed.
"golden_byte_cast" end time: Jul 30 23:19 +03
"golden_byte_cast" time elapsed: 00:00:00
----------------------------------------------------------

40/187 Testing: differential_byte_cast
40/187 Test: differential_byte_cast
Command: "/usr/bin/cmake" "-DBINARY=/home/saqut/Masaüstü/saqutcompiler/build-rel/saqut" "-DSOURCE=/home/saqut/Masaüstü/saqutcompiler/tests/golden/byte/cast.sqt" "-DEXTRA_ARGS=" "-P" "/home/saqut/Masaüstü/saqutcompiler/cmake/run_differential.cmake"
Directory: /home/saqut/Masaüstü/saqutcompiler/build-rel
"differential_byte_cast" start time: Jul 30 23:19 +03
Output:
----------------------------------------------------------
-- SKIP: JIT bu fixture'i henuz derlemiyor — /home/saqut/Masaüstü/saqutcompiler/tests/golden/byte/cast.sqt
error: --jit bu programi tam olarak derleyemiyor (fonksiyon 'main', desteklenmeyen opcode: ENTER_TRY) — VM'e sessizce dusulmuyor, bkz. MIRPLAN.md.

<end of output>
Test time =   0.01 sec
----------------------------------------------------------
Test Pass Reason:
Skip regular expression found in output. Regex=[SKIP: JIT bu fixture]
"differential_byte_cast" end time: Jul 30 23:19 +03
"differential_byte_cast" time elapsed: 00:00:00
----------------------------------------------------------

41/187 Testing: golden_byte_literal
41/187 Test: golden_byte_literal
Command: "/usr/bin/cmake" "-DBINARY=/home/saqut/Masaüstü/saqutcompiler/build-rel/saqut" "-DSOURCE=/home/saqut/Masaüstü/saqutcompiler/tests/golden/byte/literal.sqt" "-DEXPECTED=/home/saqut/Masaüstü/saqutcompiler/tests/golden/byte/literal.expected" "-DEXTRA_ARGS=" "-P" "/home/saqut/Masaüstü/saqutcompiler/cmake/run_golden.cmake"
Directory: /home/saqut/Masaüstü/saqutcompiler/build-rel
"golden_byte_literal" start time: Jul 30 23:19 +03
Output:
----------------------------------------------------------
<end of output>
Test time =   0.01 sec
----------------------------------------------------------
Test Passed.
"golden_byte_literal" end time: Jul 30 23:19 +03
"golden_byte_literal" time elapsed: 00:00:00
----------------------------------------------------------

42/187 Testing: differential_byte_literal
42/187 Test: differential_byte_literal
Command: "/usr/bin/cmake" "-DBINARY=/home/saqut/Masaüstü/saqutcompiler/build-rel/saqut" "-DSOURCE=/home/saqut/Masaüstü/saqutcompiler/tests/golden/byte/literal.sqt" "-DEXTRA_ARGS=" "-P" "/home/saqut/Masaüstü/saqutcompiler/cmake/run_differential.cmake"
Directory: /home/saqut/Masaüstü/saqutcompiler/build-rel
"differential_byte_literal" start time: Jul 30 23:19 +03
Output:
----------------------------------------------------------
<end of output>
Test time =   0.01 sec
----------------------------------------------------------
Test Passed.
"differential_byte_literal" end time: Jul 30 23:19 +03
"differential_byte_literal" time elapsed: 00:00:00
----------------------------------------------------------

43/187 Testing: golden_caps_drop_and_has
43/187 Test: golden_caps_drop_and_has
Command: "/usr/bin/cmake" "-DBINARY=/home/saqut/Masaüstü/saqutcompiler/build-rel/saqut" "-DSOURCE=/home/saqut/Masaüstü/saqutcompiler/tests/golden/caps/drop_and_has.sqt" "-DEXPECTED=/home/saqut/Masaüstü/saqutcompiler/tests/golden/caps/drop_and_has.expected" "-DEXTRA_ARGS=--allow-sys" "-P" "/home/saqut/Masaüstü/saqutcompiler/cmake/run_golden.cmake"
Directory: /home/saqut/Masaüstü/saqutcompiler/build-rel
"golden_caps_drop_and_has" start time: Jul 30 23:19 +03
Output:
----------------------------------------------------------
<end of output>
Test time =   0.01 sec
----------------------------------------------------------
Test Passed.
"golden_caps_drop_and_has" end time: Jul 30 23:19 +03
"golden_caps_drop_and_has" time elapsed: 00:00:00
----------------------------------------------------------

44/187 Testing: differential_caps_drop_and_has
44/187 Test: differential_caps_drop_and_has
Command: "/usr/bin/cmake" "-DBINARY=/home/saqut/Masaüstü/saqutcompiler/build-rel/saqut" "-DSOURCE=/home/saqut/Masaüstü/saqutcompiler/tests/golden/caps/drop_and_has.sqt" "-DEXTRA_ARGS=--allow-sys" "-P" "/home/saqut/Masaüstü/saqutcompiler/cmake/run_differential.cmake"
Directory: /home/saqut/Masaüstü/saqutcompiler/build-rel
"differential_caps_drop_and_has" start time: Jul 30 23:19 +03
Output:
----------------------------------------------------------
-- SKIP: JIT bu fixture'i henuz derlemiyor — /home/saqut/Masaüstü/saqutcompiler/tests/golden/caps/drop_and_has.sqt
error: --jit bu programi tam olarak derleyemiyor (fonksiyon 'main', desteklenmeyen opcode: CALLHOST) — VM'e sessizce dusulmuyor, bkz. MIRPLAN.md.

<end of output>
Test time =   0.01 sec
----------------------------------------------------------
Test Pass Reason:
Skip regular expression found in output. Regex=[SKIP: JIT bu fixture]
"differential_caps_drop_and_has" end time: Jul 30 23:19 +03
"differential_caps_drop_and_has" time elapsed: 00:00:00
----------------------------------------------------------

45/187 Testing: golden_caps_drop_fs_runtime_error
45/187 Test: golden_caps_drop_fs_runtime_error
Command: "/usr/bin/cmake" "-DBINARY=/home/saqut/Masaüstü/saqutcompiler/build-rel/saqut" "-DSOURCE=/home/saqut/Masaüstü/saqutcompiler/tests/golden/caps/drop_fs.sqt" "-DEXPECTED=/home/saqut/Masaüstü/saqutcompiler/tests/golden/caps/drop_fs.runtime_error" "-DEXTRA_ARGS=--allow-fs" "-P" "/home/saqut/Masaüstü/saqutcompiler/cmake/run_golden_error.cmake"
Directory: /home/saqut/Masaüstü/saqutcompiler/build-rel
"golden_caps_drop_fs_runtime_error" start time: Jul 30 23:19 +03
Output:
----------------------------------------------------------
<end of output>
Test time =   0.01 sec
----------------------------------------------------------
Test Passed.
"golden_caps_drop_fs_runtime_error" end time: Jul 30 23:19 +03
"golden_caps_drop_fs_runtime_error" time elapsed: 00:00:00
----------------------------------------------------------

46/187 Testing: golden_caps_drop_unknown_runtime_error
46/187 Test: golden_caps_drop_unknown_runtime_error
Command: "/usr/bin/cmake" "-DBINARY=/home/saqut/Masaüstü/saqutcompiler/build-rel/saqut" "-DSOURCE=/home/saqut/Masaüstü/saqutcompiler/tests/golden/caps/drop_unknown.sqt" "-DEXPECTED=/home/saqut/Masaüstü/saqutcompiler/tests/golden/caps/drop_unknown.runtime_error" "-DEXTRA_ARGS=" "-P" "/home/saqut/Masaüstü/saqutcompiler/cmake/run_golden_error.cmake"
Directory: /home/saqut/Masaüstü/saqutcompiler/build-rel
"golden_caps_drop_unknown_runtime_error" start time: Jul 30 23:19 +03
Output:
----------------------------------------------------------
<end of output>
Test time =   0.01 sec
----------------------------------------------------------
Test Passed.
"golden_caps_drop_unknown_runtime_error" end time: Jul 30 23:19 +03
"golden_caps_drop_unknown_runtime_error" time elapsed: 00:00:00
----------------------------------------------------------

47/187 Testing: golden_caps_has_basic
47/187 Test: golden_caps_has_basic
Command: "/usr/bin/cmake" "-DBINARY=/home/saqut/Masaüstü/saqutcompiler/build-rel/saqut" "-DSOURCE=/home/saqut/Masaüstü/saqutcompiler/tests/golden/caps/has_basic.sqt" "-DEXPECTED=/home/saqut/Masaüstü/saqutcompiler/tests/golden/caps/has_basic.expected" "-DEXTRA_ARGS=" "-P" "/home/saqut/Masaüstü/saqutcompiler/cmake/run_golden.cmake"
Directory: /home/saqut/Masaüstü/saqutcompiler/build-rel
"golden_caps_has_basic" start time: Jul 30 23:19 +03
Output:
----------------------------------------------------------
<end of output>
Test time =   0.01 sec
----------------------------------------------------------
Test Passed.
"golden_caps_has_basic" end time: Jul 30 23:19 +03
"golden_caps_has_basic" time elapsed: 00:00:00
----------------------------------------------------------

48/187 Testing: differential_caps_has_basic
48/187 Test: differential_caps_has_basic
Command: "/usr/bin/cmake" "-DBINARY=/home/saqut/Masaüstü/saqutcompiler/build-rel/saqut" "-DSOURCE=/home/saqut/Masaüstü/saqutcompiler/tests/golden/caps/has_basic.sqt" "-DEXTRA_ARGS=" "-P" "/home/saqut/Masaüstü/saqutcompiler/cmake/run_differential.cmake"
Directory: /home/saqut/Masaüstü/saqutcompiler/build-rel
"differential_caps_has_basic" start time: Jul 30 23:19 +03
Output:
----------------------------------------------------------
-- SKIP: JIT bu fixture'i henuz derlemiyor — /home/saqut/Masaüstü/saqutcompiler/tests/golden/caps/has_basic.sqt
error: --jit bu programi tam olarak derleyemiyor (fonksiyon 'main', desteklenmeyen opcode: CALLHOST) — VM'e sessizce dusulmuyor, bkz. MIRPLAN.md.

<end of output>
Test time =   0.01 sec
----------------------------------------------------------
Test Pass Reason:
Skip regular expression found in output. Regex=[SKIP: JIT bu fixture]
"differential_caps_has_basic" end time: Jul 30 23:19 +03
"differential_caps_has_basic" time elapsed: 00:00:00
----------------------------------------------------------

49/187 Testing: golden_date_accessors_and_diff
49/187 Test: golden_date_accessors_and_diff
Command: "/usr/bin/cmake" "-DBINARY=/home/saqut/Masaüstü/saqutcompiler/build-rel/saqut" "-DSOURCE=/home/saqut/Masaüstü/saqutcompiler/tests/golden/date/accessors_and_diff.sqt" "-DEXPECTED=/home/saqut/Masaüstü/saqutcompiler/tests/golden/date/accessors_and_diff.expected" "-DEXTRA_ARGS=" "-P" "/home/saqut/Masaüstü/saqutcompiler/cmake/run_golden.cmake"
Directory: /home/saqut/Masaüstü/saqutcompiler/build-rel
"golden_date_accessors_and_diff" start time: Jul 30 23:19 +03
Output:
----------------------------------------------------------
<end of output>
Test time =   0.01 sec
----------------------------------------------------------
Test Passed.
"golden_date_accessors_and_diff" end time: Jul 30 23:19 +03
"golden_date_accessors_and_diff" time elapsed: 00:00:00
----------------------------------------------------------

50/187 Testing: differential_date_accessors_and_diff
50/187 Test: differential_date_accessors_and_diff
Command: "/usr/bin/cmake" "-DBINARY=/home/saqut/Masaüstü/saqutcompiler/build-rel/saqut" "-DSOURCE=/home/saqut/Masaüstü/saqutcompiler/tests/golden/date/accessors_and_diff.sqt" "-DEXTRA_ARGS=" "-P" "/home/saqut/Masaüstü/saqutcompiler/cmake/run_differential.cmake"
Directory: /home/saqut/Masaüstü/saqutcompiler/build-rel
"differential_date_accessors_and_diff" start time: Jul 30 23:19 +03
Output:
----------------------------------------------------------
-- SKIP: JIT bu fixture'i henuz derlemiyor — /home/saqut/Masaüstü/saqutcompiler/tests/golden/date/accessors_and_diff.sqt
error: --jit bu programi tam olarak derleyemiyor (fonksiyon 'main', desteklenmeyen opcode: CALLHOST) — VM'e sessizce dusulmuyor, bkz. MIRPLAN.md.

<end of output>
Test time =   0.01 sec
----------------------------------------------------------
Test Pass Reason:
Skip regular expression found in output. Regex=[SKIP: JIT bu fixture]
"differential_date_accessors_and_diff" end time: Jul 30 23:19 +03
"differential_date_accessors_and_diff" time elapsed: 00:00:00
----------------------------------------------------------

51/187 Testing: golden_date_addDays_leap
51/187 Test: golden_date_addDays_leap
Command: "/usr/bin/cmake" "-DBINARY=/home/saqut/Masaüstü/saqutcompiler/build-rel/saqut" "-DSOURCE=/home/saqut/Masaüstü/saqutcompiler/tests/golden/date/addDays_leap.sqt" "-DEXPECTED=/home/saqut/Masaüstü/saqutcompiler/tests/golden/date/addDays_leap.expected" "-DEXTRA_ARGS=" "-P" "/home/saqut/Masaüstü/saqutcompiler/cmake/run_golden.cmake"
Directory: /home/saqut/Masaüstü/saqutcompiler/build-rel
"golden_date_addDays_leap" start time: Jul 30 23:19 +03
Output:
----------------------------------------------------------
<end of output>
Test time =   0.01 sec
----------------------------------------------------------
Test Passed.
"golden_date_addDays_leap" end time: Jul 30 23:19 +03
"golden_date_addDays_leap" time elapsed: 00:00:00
----------------------------------------------------------

52/187 Testing: differential_date_addDays_leap
52/187 Test: differential_date_addDays_leap
Command: "/usr/bin/cmake" "-DBINARY=/home/saqut/Masaüstü/saqutcompiler/build-rel/saqut" "-DSOURCE=/home/saqut/Masaüstü/saqutcompiler/tests/golden/date/addDays_leap.sqt" "-DEXTRA_ARGS=" "-P" "/home/saqut/Masaüstü/saqutcompiler/cmake/run_differential.cmake"
Directory: /home/saqut/Masaüstü/saqutcompiler/build-rel
"differential_date_addDays_leap" start time: Jul 30 23:19 +03
Output:
----------------------------------------------------------
-- SKIP: JIT bu fixture'i henuz derlemiyor — /home/saqut/Masaüstü/saqutcompiler/tests/golden/date/addDays_leap.sqt
error: --jit bu programi tam olarak derleyemiyor (fonksiyon 'main', desteklenmeyen opcode: CALLHOST) — VM'e sessizce dusulmuyor, bkz. MIRPLAN.md.

<end of output>
Test time =   0.01 sec
----------------------------------------------------------
Test Pass Reason:
Skip regular expression found in output. Regex=[SKIP: JIT bu fixture]
"differential_date_addDays_leap" end time: Jul 30 23:19 +03
"differential_date_addDays_leap" time elapsed: 00:00:00
----------------------------------------------------------

53/187 Testing: golden_date_comparison
53/187 Test: golden_date_comparison
Command: "/usr/bin/cmake" "-DBINARY=/home/saqut/Masaüstü/saqutcompiler/build-rel/saqut" "-DSOURCE=/home/saqut/Masaüstü/saqutcompiler/tests/golden/date/comparison.sqt" "-DEXPECTED=/home/saqut/Masaüstü/saqutcompiler/tests/golden/date/comparison.expected" "-DEXTRA_ARGS=" "-P" "/home/saqut/Masaüstü/saqutcompiler/cmake/run_golden.cmake"
Directory: /home/saqut/Masaüstü/saqutcompiler/build-rel
"golden_date_comparison" start time: Jul 30 23:19 +03
Output:
----------------------------------------------------------
<end of output>
Test time =   0.01 sec
----------------------------------------------------------
Test Passed.
"golden_date_comparison" end time: Jul 30 23:19 +03
"golden_date_comparison" time elapsed: 00:00:00
----------------------------------------------------------

54/187 Testing: differential_date_comparison
54/187 Test: differential_date_comparison
Command: "/usr/bin/cmake" "-DBINARY=/home/saqut/Masaüstü/saqutcompiler/build-rel/saqut" "-DSOURCE=/home/saqut/Masaüstü/saqutcompiler/tests/golden/date/comparison.sqt" "-DEXTRA_ARGS=" "-P" "/home/saqut/Masaüstü/saqutcompiler/cmake/run_differential.cmake"
Directory: /home/saqut/Masaüstü/saqutcompiler/build-rel
"differential_date_comparison" start time: Jul 30 23:19 +03
Output:
----------------------------------------------------------
-- SKIP: JIT bu fixture'i henuz derlemiyor — /home/saqut/Masaüstü/saqutcompiler/tests/golden/date/comparison.sqt
error: --jit bu programi tam olarak derleyemiyor (fonksiyon 'main', desteklenmeyen opcode: CALLHOST) — VM'e sessizce dusulmuyor, bkz. MIRPLAN.md.

<end of output>
Test time =   0.01 sec
----------------------------------------------------------
Test Pass Reason:
Skip regular expression found in output. Regex=[SKIP: JIT bu fixture]
"differential_date_comparison" end time: Jul 30 23:19 +03
"differential_date_comparison" time elapsed: 00:00:00
----------------------------------------------------------

55/187 Testing: golden_date_now_no_permission_compile_error
55/187 Test: golden_date_now_no_permission_compile_error
Command: "/usr/bin/cmake" "-DBINARY=/home/saqut/Masaüstü/saqutcompiler/build-rel/saqut" "-DSOURCE=/home/saqut/Masaüstü/saqutcompiler/tests/golden/date/now_no_permission.sqt" "-DEXPECTED=/home/saqut/Masaüstü/saqutcompiler/tests/golden/date/now_no_permission.compile_error" "-DEXTRA_ARGS=" "-P" "/home/saqut/Masaüstü/saqutcompiler/cmake/run_golden_error.cmake"
Directory: /home/saqut/Masaüstü/saqutcompiler/build-rel
"golden_date_now_no_permission_compile_error" start time: Jul 30 23:19 +03
Output:
----------------------------------------------------------
<end of output>
Test time =   0.01 sec
----------------------------------------------------------
Test Passed.
"golden_date_now_no_permission_compile_error" end time: Jul 30 23:19 +03
"golden_date_now_no_permission_compile_error" time elapsed: 00:00:00
----------------------------------------------------------

56/187 Testing: golden_date_now_with_permission
56/187 Test: golden_date_now_with_permission
Command: "/usr/bin/cmake" "-DBINARY=/home/saqut/Masaüstü/saqutcompiler/build-rel/saqut" "-DSOURCE=/home/saqut/Masaüstü/saqutcompiler/tests/golden/date/now_with_permission.sqt" "-DEXPECTED=/home/saqut/Masaüstü/saqutcompiler/tests/golden/date/now_with_permission.expected" "-DEXTRA_ARGS=--allow-sys" "-P" "/home/saqut/Masaüstü/saqutcompiler/cmake/run_golden.cmake"
Directory: /home/saqut/Masaüstü/saqutcompiler/build-rel
"golden_date_now_with_permission" start time: Jul 30 23:19 +03
Output:
----------------------------------------------------------
<end of output>
Test time =   0.01 sec
----------------------------------------------------------
Test Passed.
"golden_date_now_with_permission" end time: Jul 30 23:19 +03
"golden_date_now_with_permission" time elapsed: 00:00:00
----------------------------------------------------------

57/187 Testing: differential_date_now_with_permission
57/187 Test: differential_date_now_with_permission
Command: "/usr/bin/cmake" "-DBINARY=/home/saqut/Masaüstü/saqutcompiler/build-rel/saqut" "-DSOURCE=/home/saqut/Masaüstü/saqutcompiler/tests/golden/date/now_with_permission.sqt" "-DEXTRA_ARGS=--allow-sys" "-P" "/home/saqut/Masaüstü/saqutcompiler/cmake/run_differential.cmake"
Directory: /home/saqut/Masaüstü/saqutcompiler/build-rel
"differential_date_now_with_permission" start time: Jul 30 23:19 +03
Output:
----------------------------------------------------------
-- SKIP: JIT bu fixture'i henuz derlemiyor — /home/saqut/Masaüstü/saqutcompiler/tests/golden/date/now_with_permission.sqt
error: --jit bu programi tam olarak derleyemiyor (fonksiyon 'main', desteklenmeyen opcode: CALLHOST) — VM'e sessizce dusulmuyor, bkz. MIRPLAN.md.

<end of output>
Test time =   0.01 sec
----------------------------------------------------------
Test Pass Reason:
Skip regular expression found in output. Regex=[SKIP: JIT bu fixture]
"differential_date_now_with_permission" end time: Jul 30 23:19 +03
"differential_date_now_with_permission" time elapsed: 00:00:00
----------------------------------------------------------

58/187 Testing: golden_date_parse_format
58/187 Test: golden_date_parse_format
Command: "/usr/bin/cmake" "-DBINARY=/home/saqut/Masaüstü/saqutcompiler/build-rel/saqut" "-DSOURCE=/home/saqut/Masaüstü/saqutcompiler/tests/golden/date/parse_format.sqt" "-DEXPECTED=/home/saqut/Masaüstü/saqutcompiler/tests/golden/date/parse_format.expected" "-DEXTRA_ARGS=" "-P" "/home/saqut/Masaüstü/saqutcompiler/cmake/run_golden.cmake"
Directory: /home/saqut/Masaüstü/saqutcompiler/build-rel
"golden_date_parse_format" start time: Jul 30 23:19 +03
Output:
----------------------------------------------------------
<end of output>
Test time =   0.01 sec
----------------------------------------------------------
Test Passed.
"golden_date_parse_format" end time: Jul 30 23:19 +03
"golden_date_parse_format" time elapsed: 00:00:00
----------------------------------------------------------

59/187 Testing: differential_date_parse_format
59/187 Test: differential_date_parse_format
Command: "/usr/bin/cmake" "-DBINARY=/home/saqut/Masaüstü/saqutcompiler/build-rel/saqut" "-DSOURCE=/home/saqut/Masaüstü/saqutcompiler/tests/golden/date/parse_format.sqt" "-DEXTRA_ARGS=" "-P" "/home/saqut/Masaüstü/saqutcompiler/cmake/run_differential.cmake"
Directory: /home/saqut/Masaüstü/saqutcompiler/build-rel
"differential_date_parse_format" start time: Jul 30 23:19 +03
Output:
----------------------------------------------------------
-- SKIP: JIT bu fixture'i henuz derlemiyor — /home/saqut/Masaüstü/saqutcompiler/tests/golden/date/parse_format.sqt
error: --jit bu programi tam olarak derleyemiyor (fonksiyon 'main', desteklenmeyen opcode: CALLHOST) — VM'e sessizce dusulmuyor, bkz. MIRPLAN.md.

<end of output>
Test time =   0.01 sec
----------------------------------------------------------
Test Pass Reason:
Skip regular expression found in output. Regex=[SKIP: JIT bu fixture]
"differential_date_parse_format" end time: Jul 30 23:19 +03
"differential_date_parse_format" time elapsed: 00:00:00
----------------------------------------------------------

60/187 Testing: golden_date_parse_invalid
60/187 Test: golden_date_parse_invalid
Command: "/usr/bin/cmake" "-DBINARY=/home/saqut/Masaüstü/saqutcompiler/build-rel/saqut" "-DSOURCE=/home/saqut/Masaüstü/saqutcompiler/tests/golden/date/parse_invalid.sqt" "-DEXPECTED=/home/saqut/Masaüstü/saqutcompiler/tests/golden/date/parse_invalid.expected" "-DEXTRA_ARGS=" "-P" "/home/saqut/Masaüstü/saqutcompiler/cmake/run_golden.cmake"
Directory: /home/saqut/Masaüstü/saqutcompiler/build-rel
"golden_date_parse_invalid" start time: Jul 30 23:19 +03
Output:
----------------------------------------------------------
<end of output>
Test time =   0.01 sec
----------------------------------------------------------
Test Passed.
"golden_date_parse_invalid" end time: Jul 30 23:19 +03
"golden_date_parse_invalid" time elapsed: 00:00:00
----------------------------------------------------------

61/187 Testing: differential_date_parse_invalid
61/187 Test: differential_date_parse_invalid
Command: "/usr/bin/cmake" "-DBINARY=/home/saqut/Masaüstü/saqutcompiler/build-rel/saqut" "-DSOURCE=/home/saqut/Masaüstü/saqutcompiler/tests/golden/date/parse_invalid.sqt" "-DEXTRA_ARGS=" "-P" "/home/saqut/Masaüstü/saqutcompiler/cmake/run_differential.cmake"
Directory: /home/saqut/Masaüstü/saqutcompiler/build-rel
"differential_date_parse_invalid" start time: Jul 30 23:19 +03
Output:
----------------------------------------------------------
-- SKIP: JIT bu fixture'i henuz derlemiyor — /home/saqut/Masaüstü/saqutcompiler/tests/golden/date/parse_invalid.sqt
error: --jit bu programi tam olarak derleyemiyor (fonksiyon 'main', desteklenmeyen opcode: CALLHOST) — VM'e sessizce dusulmuyor, bkz. MIRPLAN.md.

<end of output>
Test time =   0.01 sec
----------------------------------------------------------
Test Pass Reason:
Skip regular expression found in output. Regex=[SKIP: JIT bu fixture]
"differential_date_parse_invalid" end time: Jul 30 23:19 +03
"differential_date_parse_invalid" time elapsed: 00:00:00
----------------------------------------------------------

62/187 Testing: golden_e2e_library-system_library_system
62/187 Test: golden_e2e_library-system_library_system
Command: "/usr/bin/cmake" "-DBINARY=/home/saqut/Masaüstü/saqutcompiler/build-rel/saqut" "-DSOURCE=/home/saqut/Masaüstü/saqutcompiler/tests/golden/e2e/library-system/library_system.sqt" "-DEXPECTED=/home/saqut/Masaüstü/saqutcompiler/tests/golden/e2e/library-system/library_system.expected" "-DEXTRA_ARGS=" "-P" "/home/saqut/Masaüstü/saqutcompiler/cmake/run_golden.cmake"
Directory: /home/saqut/Masaüstü/saqutcompiler/build-rel
"golden_e2e_library-system_library_system" start time: Jul 30 23:19 +03
Output:
----------------------------------------------------------
<end of output>
Test time =   0.01 sec
----------------------------------------------------------
Test Passed.
"golden_e2e_library-system_library_system" end time: Jul 30 23:19 +03
"golden_e2e_library-system_library_system" time elapsed: 00:00:00
----------------------------------------------------------

63/187 Testing: differential_e2e_library-system_library_system
63/187 Test: differential_e2e_library-system_library_system
Command: "/usr/bin/cmake" "-DBINARY=/home/saqut/Masaüstü/saqutcompiler/build-rel/saqut" "-DSOURCE=/home/saqut/Masaüstü/saqutcompiler/tests/golden/e2e/library-system/library_system.sqt" "-DEXTRA_ARGS=" "-P" "/home/saqut/Masaüstü/saqutcompiler/cmake/run_differential.cmake"
Directory: /home/saqut/Masaüstü/saqutcompiler/build-rel
"differential_e2e_library-system_library_system" start time: Jul 30 23:19 +03
Output:
----------------------------------------------------------
-- SKIP: JIT bu fixture'i henuz derlemiyor — /home/saqut/Masaüstü/saqutcompiler/tests/golden/e2e/library-system/library_system.sqt
error: --jit bu programi tam olarak derleyemiyor (fonksiyon 'advanceOneDay', desteklenmeyen opcode: ARRAY_GET) — VM'e sessizce dusulmuyor, bkz. MIRPLAN.md.

<end of output>
Test time =   0.01 sec
----------------------------------------------------------
Test Pass Reason:
Skip regular expression found in output. Regex=[SKIP: JIT bu fixture]
"differential_e2e_library-system_library_system" end time: Jul 30 23:19 +03
"differential_e2e_library-system_library_system" time elapsed: 00:00:00
----------------------------------------------------------

64/187 Testing: golden_error_basic_catch
64/187 Test: golden_error_basic_catch
Command: "/usr/bin/cmake" "-DBINARY=/home/saqut/Masaüstü/saqutcompiler/build-rel/saqut" "-DSOURCE=/home/saqut/Masaüstü/saqutcompiler/tests/golden/error/basic_catch.sqt" "-DEXPECTED=/home/saqut/Masaüstü/saqutcompiler/tests/golden/error/basic_catch.expected" "-DEXTRA_ARGS=" "-P" "/home/saqut/Masaüstü/saqutcompiler/cmake/run_golden.cmake"
Directory: /home/saqut/Masaüstü/saqutcompiler/build-rel
"golden_error_basic_catch" start time: Jul 30 23:19 +03
Output:
----------------------------------------------------------
<end of output>
Test time =   0.01 sec
----------------------------------------------------------
Test Passed.
"golden_error_basic_catch" end time: Jul 30 23:19 +03
"golden_error_basic_catch" time elapsed: 00:00:00
----------------------------------------------------------

65/187 Testing: differential_error_basic_catch
65/187 Test: differential_error_basic_catch
Command: "/usr/bin/cmake" "-DBINARY=/home/saqut/Masaüstü/saqutcompiler/build-rel/saqut" "-DSOURCE=/home/saqut/Masaüstü/saqutcompiler/tests/golden/error/basic_catch.sqt" "-DEXTRA_ARGS=" "-P" "/home/saqut/Masaüstü/saqutcompiler/cmake/run_differential.cmake"
Directory: /home/saqut/Masaüstü/saqutcompiler/build-rel
"differential_error_basic_catch" start time: Jul 30 23:19 +03
Output:
----------------------------------------------------------
-- SKIP: JIT bu fixture'i henuz derlemiyor — /home/saqut/Masaüstü/saqutcompiler/tests/golden/error/basic_catch.sqt
error: --jit bu programi tam olarak derleyemiyor (fonksiyon 'main', desteklenmeyen opcode: ENTER_TRY) — VM'e sessizce dusulmuyor, bkz. MIRPLAN.md.

<end of output>
Test time =   0.01 sec
----------------------------------------------------------
Test Pass Reason:
Skip regular expression found in output. Regex=[SKIP: JIT bu fixture]
"differential_error_basic_catch" end time: Jul 30 23:19 +03
"differential_error_basic_catch" time elapsed: 00:00:00
----------------------------------------------------------

66/187 Testing: golden_error_div_line
66/187 Test: golden_error_div_line
Command: "/usr/bin/cmake" "-DBINARY=/home/saqut/Masaüstü/saqutcompiler/build-rel/saqut" "-DSOURCE=/home/saqut/Masaüstü/saqutcompiler/tests/golden/error/div_line.sqt" "-DEXPECTED=/home/saqut/Masaüstü/saqutcompiler/tests/golden/error/div_line.expected" "-DEXTRA_ARGS=" "-P" "/home/saqut/Masaüstü/saqutcompiler/cmake/run_golden.cmake"
Directory: /home/saqut/Masaüstü/saqutcompiler/build-rel
"golden_error_div_line" start time: Jul 30 23:19 +03
Output:
----------------------------------------------------------
<end of output>
Test time =   0.01 sec
----------------------------------------------------------
Test Passed.
"golden_error_div_line" end time: Jul 30 23:19 +03
"golden_error_div_line" time elapsed: 00:00:00
----------------------------------------------------------

67/187 Testing: differential_error_div_line
67/187 Test: differential_error_div_line
Command: "/usr/bin/cmake" "-DBINARY=/home/saqut/Masaüstü/saqutcompiler/build-rel/saqut" "-DSOURCE=/home/saqut/Masaüstü/saqutcompiler/tests/golden/error/div_line.sqt" "-DEXTRA_ARGS=" "-P" "/home/saqut/Masaüstü/saqutcompiler/cmake/run_differential.cmake"
Directory: /home/saqut/Masaüstü/saqutcompiler/build-rel
"differential_error_div_line" start time: Jul 30 23:19 +03
Output:
----------------------------------------------------------
-- SKIP: JIT bu fixture'i henuz derlemiyor — /home/saqut/Masaüstü/saqutcompiler/tests/golden/error/div_line.sqt
error: --jit bu programi tam olarak derleyemiyor (fonksiyon 'main', desteklenmeyen opcode: ENTER_TRY) — VM'e sessizce dusulmuyor, bkz. MIRPLAN.md.

<end of output>
Test time =   0.01 sec
----------------------------------------------------------
Test Pass Reason:
Skip regular expression found in output. Regex=[SKIP: JIT bu fixture]
"differential_error_div_line" end time: Jul 30 23:19 +03
"differential_error_div_line" time elapsed: 00:00:00
----------------------------------------------------------

68/187 Testing: golden_error_throw_and_nested
68/187 Test: golden_error_throw_and_nested
Command: "/usr/bin/cmake" "-DBINARY=/home/saqut/Masaüstü/saqutcompiler/build-rel/saqut" "-DSOURCE=/home/saqut/Masaüstü/saqutcompiler/tests/golden/error/throw_and_nested.sqt" "-DEXPECTED=/home/saqut/Masaüstü/saqutcompiler/tests/golden/error/throw_and_nested.expected" "-DEXTRA_ARGS=" "-P" "/home/saqut/Masaüstü/saqutcompiler/cmake/run_golden.cmake"
Directory: /home/saqut/Masaüstü/saqutcompiler/build-rel
"golden_error_throw_and_nested" start time: Jul 30 23:19 +03
Output:
----------------------------------------------------------
<end of output>
Test time =   0.01 sec
----------------------------------------------------------
Test Passed.
"golden_error_throw_and_nested" end time: Jul 30 23:19 +03
"golden_error_throw_and_nested" time elapsed: 00:00:00
----------------------------------------------------------

69/187 Testing: differential_error_throw_and_nested
69/187 Test: differential_error_throw_and_nested
Command: "/usr/bin/cmake" "-DBINARY=/home/saqut/Masaüstü/saqutcompiler/build-rel/saqut" "-DSOURCE=/home/saqut/Masaüstü/saqutcompiler/tests/golden/error/throw_and_nested.sqt" "-DEXTRA_ARGS=" "-P" "/home/saqut/Masaüstü/saqutcompiler/cmake/run_differential.cmake"
Directory: /home/saqut/Masaüstü/saqutcompiler/build-rel
"differential_error_throw_and_nested" start time: Jul 30 23:19 +03
Output:
----------------------------------------------------------
-- SKIP: JIT bu fixture'i henuz derlemiyor — /home/saqut/Masaüstü/saqutcompiler/tests/golden/error/throw_and_nested.sqt
error: --jit bu programi tam olarak derleyemiyor (fonksiyon 'riskli', desteklenmeyen opcode: ARRAY_NEW) — VM'e sessizce dusulmuyor, bkz. MIRPLAN.md.

<end of output>
Test time =   0.01 sec
----------------------------------------------------------
Test Pass Reason:
Skip regular expression found in output. Regex=[SKIP: JIT bu fixture]
"differential_error_throw_and_nested" end time: Jul 30 23:19 +03
"differential_error_throw_and_nested" time elapsed: 00:00:00
----------------------------------------------------------

70/187 Testing: golden_error_throw_plain_value
70/187 Test: golden_error_throw_plain_value
Command: "/usr/bin/cmake" "-DBINARY=/home/saqut/Masaüstü/saqutcompiler/build-rel/saqut" "-DSOURCE=/home/saqut/Masaüstü/saqutcompiler/tests/golden/error/throw_plain_value.sqt" "-DEXPECTED=/home/saqut/Masaüstü/saqutcompiler/tests/golden/error/throw_plain_value.expected" "-DEXTRA_ARGS=" "-P" "/home/saqut/Masaüstü/saqutcompiler/cmake/run_golden.cmake"
Directory: /home/saqut/Masaüstü/saqutcompiler/build-rel
"golden_error_throw_plain_value" start time: Jul 30 23:19 +03
Output:
----------------------------------------------------------
<end of output>
Test time =   0.01 sec
----------------------------------------------------------
Test Passed.
"golden_error_throw_plain_value" end time: Jul 30 23:19 +03
"golden_error_throw_plain_value" time elapsed: 00:00:00
----------------------------------------------------------

71/187 Testing: differential_error_throw_plain_value
71/187 Test: differential_error_throw_plain_value
Command: "/usr/bin/cmake" "-DBINARY=/home/saqut/Masaüstü/saqutcompiler/build-rel/saqut" "-DSOURCE=/home/saqut/Masaüstü/saqutcompiler/tests/golden/error/throw_plain_value.sqt" "-DEXTRA_ARGS=" "-P" "/home/saqut/Masaüstü/saqutcompiler/cmake/run_differential.cmake"
Directory: /home/saqut/Masaüstü/saqutcompiler/build-rel
"differential_error_throw_plain_value" start time: Jul 30 23:19 +03
Output:
----------------------------------------------------------
-- SKIP: JIT bu fixture'i henuz derlemiyor — /home/saqut/Masaüstü/saqutcompiler/tests/golden/error/throw_plain_value.sqt
error: --jit bu programi tam olarak derleyemiyor (fonksiyon 'main', desteklenmeyen opcode: ENTER_TRY) — VM'e sessizce dusulmuyor, bkz. MIRPLAN.md.

<end of output>
Test time =   0.01 sec
----------------------------------------------------------
Test Pass Reason:
Skip regular expression found in output. Regex=[SKIP: JIT bu fixture]
"differential_error_throw_plain_value" end time: Jul 30 23:19 +03
"differential_error_throw_plain_value" time elapsed: 00:00:00
----------------------------------------------------------

72/187 Testing: golden_fibonacci_fib
72/187 Test: golden_fibonacci_fib
Command: "/usr/bin/cmake" "-DBINARY=/home/saqut/Masaüstü/saqutcompiler/build-rel/saqut" "-DSOURCE=/home/saqut/Masaüstü/saqutcompiler/tests/golden/fibonacci/fib.sqt" "-DEXPECTED=/home/saqut/Masaüstü/saqutcompiler/tests/golden/fibonacci/fib.expected" "-DEXTRA_ARGS=" "-P" "/home/saqut/Masaüstü/saqutcompiler/cmake/run_golden.cmake"
Directory: /home/saqut/Masaüstü/saqutcompiler/build-rel
"golden_fibonacci_fib" start time: Jul 30 23:19 +03
Output:
----------------------------------------------------------
<end of output>
Test time =   0.01 sec
----------------------------------------------------------
Test Passed.
"golden_fibonacci_fib" end time: Jul 30 23:19 +03
"golden_fibonacci_fib" time elapsed: 00:00:00
----------------------------------------------------------

73/187 Testing: differential_fibonacci_fib
73/187 Test: differential_fibonacci_fib
Command: "/usr/bin/cmake" "-DBINARY=/home/saqut/Masaüstü/saqutcompiler/build-rel/saqut" "-DSOURCE=/home/saqut/Masaüstü/saqutcompiler/tests/golden/fibonacci/fib.sqt" "-DEXTRA_ARGS=" "-P" "/home/saqut/Masaüstü/saqutcompiler/cmake/run_differential.cmake"
Directory: /home/saqut/Masaüstü/saqutcompiler/build-rel
"differential_fibonacci_fib" start time: Jul 30 23:19 +03
Output:
----------------------------------------------------------
<end of output>
Test time =   0.01 sec
----------------------------------------------------------
Test Passed.
"differential_fibonacci_fib" end time: Jul 30 23:19 +03
"differential_fibonacci_fib" time elapsed: 00:00:00
----------------------------------------------------------

74/187 Testing: golden_float_basic
74/187 Test: golden_float_basic
Command: "/usr/bin/cmake" "-DBINARY=/home/saqut/Masaüstü/saqutcompiler/build-rel/saqut" "-DSOURCE=/home/saqut/Masaüstü/saqutcompiler/tests/golden/float/basic.sqt" "-DEXPECTED=/home/saqut/Masaüstü/saqutcompiler/tests/golden/float/basic.expected" "-DEXTRA_ARGS=" "-P" "/home/saqut/Masaüstü/saqutcompiler/cmake/run_golden.cmake"
Directory: /home/saqut/Masaüstü/saqutcompiler/build-rel
"golden_float_basic" start time: Jul 30 23:19 +03
Output:
----------------------------------------------------------
<end of output>
Test time =   0.01 sec
----------------------------------------------------------
Test Passed.
"golden_float_basic" end time: Jul 30 23:19 +03
"golden_float_basic" time elapsed: 00:00:00
----------------------------------------------------------

75/187 Testing: differential_float_basic
75/187 Test: differential_float_basic
Command: "/usr/bin/cmake" "-DBINARY=/home/saqut/Masaüstü/saqutcompiler/build-rel/saqut" "-DSOURCE=/home/saqut/Masaüstü/saqutcompiler/tests/golden/float/basic.sqt" "-DEXTRA_ARGS=" "-P" "/home/saqut/Masaüstü/saqutcompiler/cmake/run_differential.cmake"
Directory: /home/saqut/Masaüstü/saqutcompiler/build-rel
"differential_float_basic" start time: Jul 30 23:19 +03
Output:
----------------------------------------------------------
<end of output>
Test time =   0.01 sec
----------------------------------------------------------
Test Passed.
"differential_float_basic" end time: Jul 30 23:19 +03
"differential_float_basic" time elapsed: 00:00:00
----------------------------------------------------------

76/187 Testing: golden_fs_append_exists
76/187 Test: golden_fs_append_exists
Command: "/usr/bin/cmake" "-DBINARY=/home/saqut/Masaüstü/saqutcompiler/build-rel/saqut" "-DSOURCE=/home/saqut/Masaüstü/saqutcompiler/tests/golden/fs/append_exists.sqt" "-DEXPECTED=/home/saqut/Masaüstü/saqutcompiler/tests/golden/fs/append_exists.expected" "-DEXTRA_ARGS=--allow-fs" "-P" "/home/saqut/Masaüstü/saqutcompiler/cmake/run_golden.cmake"
Directory: /home/saqut/Masaüstü/saqutcompiler/build-rel
"golden_fs_append_exists" start time: Jul 30 23:19 +03
Output:
----------------------------------------------------------
<end of output>
Test time =   0.01 sec
----------------------------------------------------------
Test Passed.
"golden_fs_append_exists" end time: Jul 30 23:19 +03
"golden_fs_append_exists" time elapsed: 00:00:00
----------------------------------------------------------

77/187 Testing: differential_fs_append_exists
77/187 Test: differential_fs_append_exists
Command: "/usr/bin/cmake" "-DBINARY=/home/saqut/Masaüstü/saqutcompiler/build-rel/saqut" "-DSOURCE=/home/saqut/Masaüstü/saqutcompiler/tests/golden/fs/append_exists.sqt" "-DEXTRA_ARGS=--allow-fs" "-P" "/home/saqut/Masaüstü/saqutcompiler/cmake/run_differential.cmake"
Directory: /home/saqut/Masaüstü/saqutcompiler/build-rel
"differential_fs_append_exists" start time: Jul 30 23:19 +03
Output:
----------------------------------------------------------
-- SKIP: JIT bu fixture'i henuz derlemiyor — /home/saqut/Masaüstü/saqutcompiler/tests/golden/fs/append_exists.sqt
error: --jit bu programi tam olarak derleyemiyor (fonksiyon 'main', desteklenmeyen opcode: CALLHOST) — VM'e sessizce dusulmuyor, bkz. MIRPLAN.md.

<end of output>
Test time =   0.01 sec
----------------------------------------------------------
Test Pass Reason:
Skip regular expression found in output. Regex=[SKIP: JIT bu fixture]
"differential_fs_append_exists" end time: Jul 30 23:19 +03
"differential_fs_append_exists" time elapsed: 00:00:00
----------------------------------------------------------

78/187 Testing: golden_fs_bytes
78/187 Test: golden_fs_bytes
Command: "/usr/bin/cmake" "-DBINARY=/home/saqut/Masaüstü/saqutcompiler/build-rel/saqut" "-DSOURCE=/home/saqut/Masaüstü/saqutcompiler/tests/golden/fs/bytes.sqt" "-DEXPECTED=/home/saqut/Masaüstü/saqutcompiler/tests/golden/fs/bytes.expected" "-DEXTRA_ARGS=--allow-fs" "-P" "/home/saqut/Masaüstü/saqutcompiler/cmake/run_golden.cmake"
Directory: /home/saqut/Masaüstü/saqutcompiler/build-rel
"golden_fs_bytes" start time: Jul 30 23:19 +03
Output:
----------------------------------------------------------
<end of output>
Test time =   0.01 sec
----------------------------------------------------------
Test Passed.
"golden_fs_bytes" end time: Jul 30 23:19 +03
"golden_fs_bytes" time elapsed: 00:00:00
----------------------------------------------------------

79/187 Testing: differential_fs_bytes
79/187 Test: differential_fs_bytes
Command: "/usr/bin/cmake" "-DBINARY=/home/saqut/Masaüstü/saqutcompiler/build-rel/saqut" "-DSOURCE=/home/saqut/Masaüstü/saqutcompiler/tests/golden/fs/bytes.sqt" "-DEXTRA_ARGS=--allow-fs" "-P" "/home/saqut/Masaüstü/saqutcompiler/cmake/run_differential.cmake"
Directory: /home/saqut/Masaüstü/saqutcompiler/build-rel
"differential_fs_bytes" start time: Jul 30 23:19 +03
Output:
----------------------------------------------------------
-- SKIP: JIT bu fixture'i henuz derlemiyor — /home/saqut/Masaüstü/saqutcompiler/tests/golden/fs/bytes.sqt
error: --jit bu programi tam olarak derleyemiyor (fonksiyon 'main', desteklenmeyen opcode: ARRAY_NEW) — VM'e sessizce dusulmuyor, bkz. MIRPLAN.md.

<end of output>
Test time =   0.01 sec
----------------------------------------------------------
Test Pass Reason:
Skip regular expression found in output. Regex=[SKIP: JIT bu fixture]
"differential_fs_bytes" end time: Jul 30 23:19 +03
"differential_fs_bytes" time elapsed: 00:00:00
----------------------------------------------------------

80/187 Testing: golden_fs_no_permission_compile_error
80/187 Test: golden_fs_no_permission_compile_error
Command: "/usr/bin/cmake" "-DBINARY=/home/saqut/Masaüstü/saqutcompiler/build-rel/saqut" "-DSOURCE=/home/saqut/Masaüstü/saqutcompiler/tests/golden/fs/no_permission.sqt" "-DEXPECTED=/home/saqut/Masaüstü/saqutcompiler/tests/golden/fs/no_permission.compile_error" "-DEXTRA_ARGS=" "-P" "/home/saqut/Masaüstü/saqutcompiler/cmake/run_golden_error.cmake"
Directory: /home/saqut/Masaüstü/saqutcompiler/build-rel
"golden_fs_no_permission_compile_error" start time: Jul 30 23:19 +03
Output:
----------------------------------------------------------
<end of output>
Test time =   0.01 sec
----------------------------------------------------------
Test Passed.
"golden_fs_no_permission_compile_error" end time: Jul 30 23:19 +03
"golden_fs_no_permission_compile_error" time elapsed: 00:00:00
----------------------------------------------------------

81/187 Testing: golden_fs_write_read
81/187 Test: golden_fs_write_read
Command: "/usr/bin/cmake" "-DBINARY=/home/saqut/Masaüstü/saqutcompiler/build-rel/saqut" "-DSOURCE=/home/saqut/Masaüstü/saqutcompiler/tests/golden/fs/write_read.sqt" "-DEXPECTED=/home/saqut/Masaüstü/saqutcompiler/tests/golden/fs/write_read.expected" "-DEXTRA_ARGS=--allow-fs" "-P" "/home/saqut/Masaüstü/saqutcompiler/cmake/run_golden.cmake"
Directory: /home/saqut/Masaüstü/saqutcompiler/build-rel
"golden_fs_write_read" start time: Jul 30 23:19 +03
Output:
----------------------------------------------------------
<end of output>
Test time =   0.01 sec
----------------------------------------------------------
Test Passed.
"golden_fs_write_read" end time: Jul 30 23:19 +03
"golden_fs_write_read" time elapsed: 00:00:00
----------------------------------------------------------

82/187 Testing: differential_fs_write_read
82/187 Test: differential_fs_write_read
Command: "/usr/bin/cmake" "-DBINARY=/home/saqut/Masaüstü/saqutcompiler/build-rel/saqut" "-DSOURCE=/home/saqut/Masaüstü/saqutcompiler/tests/golden/fs/write_read.sqt" "-DEXTRA_ARGS=--allow-fs" "-P" "/home/saqut/Masaüstü/saqutcompiler/cmake/run_differential.cmake"
Directory: /home/saqut/Masaüstü/saqutcompiler/build-rel
"differential_fs_write_read" start time: Jul 30 23:19 +03
Output:
----------------------------------------------------------
[...]
Output:
----------------------------------------------------------
OK: /home/saqut/Masaüstü/saqutcompiler/tests/lsp/12_cross_file_definition.jsonl (4 mesaj eşleşti)
<end of output>
Test time =   0.05 sec
----------------------------------------------------------
Test Passed.
"lsp_12_cross_file_definition" end time: Jul 30 23:19 +03
"lsp_12_cross_file_definition" time elapsed: 00:00:00
----------------------------------------------------------

169/187 Testing: lsp_13_completion_scope
169/187 Test: lsp_13_completion_scope
Command: "/usr/bin/python3" "/home/saqut/Masaüstü/saqutcompiler/tests/lsp/lsp_test_driver.py" "--binary" "/home/saqut/Masaüstü/saqutcompiler/build-rel/saqut" "--fixtures" "/home/saqut/Masaüstü/saqutcompiler/tests/lsp/fixtures" "--scenario" "/home/saqut/Masaüstü/saqutcompiler/tests/lsp/13_completion_scope.jsonl" "--expected" "/home/saqut/Masaüstü/saqutcompiler/tests/lsp/13_completion_scope.expected.jsonl"
Directory: /home/saqut/Masaüstü/saqutcompiler/build-rel
"lsp_13_completion_scope" start time: Jul 30 23:19 +03
Output:
----------------------------------------------------------
OK: /home/saqut/Masaüstü/saqutcompiler/tests/lsp/13_completion_scope.jsonl (3 mesaj eşleşti)
<end of output>
Test time =   0.05 sec
----------------------------------------------------------
Test Passed.
"lsp_13_completion_scope" end time: Jul 30 23:19 +03
"lsp_13_completion_scope" time elapsed: 00:00:00
----------------------------------------------------------

170/187 Testing: lsp_14_completion_dot_chain
170/187 Test: lsp_14_completion_dot_chain
Command: "/usr/bin/python3" "/home/saqut/Masaüstü/saqutcompiler/tests/lsp/lsp_test_driver.py" "--binary" "/home/saqut/Masaüstü/saqutcompiler/build-rel/saqut" "--fixtures" "/home/saqut/Masaüstü/saqutcompiler/tests/lsp/fixtures" "--scenario" "/home/saqut/Masaüstü/saqutcompiler/tests/lsp/14_completion_dot_chain.jsonl" "--expected" "/home/saqut/Masaüstü/saqutcompiler/tests/lsp/14_completion_dot_chain.expected.jsonl"
Directory: /home/saqut/Masaüstü/saqutcompiler/build-rel
"lsp_14_completion_dot_chain" start time: Jul 30 23:19 +03
Output:
----------------------------------------------------------
OK: /home/saqut/Masaüstü/saqutcompiler/tests/lsp/14_completion_dot_chain.jsonl (3 mesaj eşleşti)
<end of output>
Test time =   0.05 sec
----------------------------------------------------------
Test Passed.
"lsp_14_completion_dot_chain" end time: Jul 30 23:19 +03
"lsp_14_completion_dot_chain" time elapsed: 00:00:00
----------------------------------------------------------

171/187 Testing: lsp_15_completion_nonstruct_dot
171/187 Test: lsp_15_completion_nonstruct_dot
Command: "/usr/bin/python3" "/home/saqut/Masaüstü/saqutcompiler/tests/lsp/lsp_test_driver.py" "--binary" "/home/saqut/Masaüstü/saqutcompiler/build-rel/saqut" "--fixtures" "/home/saqut/Masaüstü/saqutcompiler/tests/lsp/fixtures" "--scenario" "/home/saqut/Masaüstü/saqutcompiler/tests/lsp/15_completion_nonstruct_dot.jsonl" "--expected" "/home/saqut/Masaüstü/saqutcompiler/tests/lsp/15_completion_nonstruct_dot.expected.jsonl"
Directory: /home/saqut/Masaüstü/saqutcompiler/build-rel
"lsp_15_completion_nonstruct_dot" start time: Jul 30 23:19 +03
Output:
----------------------------------------------------------
OK: /home/saqut/Masaüstü/saqutcompiler/tests/lsp/15_completion_nonstruct_dot.jsonl (3 mesaj eşleşti)
<end of output>
Test time =   0.06 sec
----------------------------------------------------------
Test Passed.
"lsp_15_completion_nonstruct_dot" end time: Jul 30 23:19 +03
"lsp_15_completion_nonstruct_dot" time elapsed: 00:00:00
----------------------------------------------------------

172/187 Testing: lsp_16_completion_scope_method
172/187 Test: lsp_16_completion_scope_method
Command: "/usr/bin/python3" "/home/saqut/Masaüstü/saqutcompiler/tests/lsp/lsp_test_driver.py" "--binary" "/home/saqut/Masaüstü/saqutcompiler/build-rel/saqut" "--fixtures" "/home/saqut/Masaüstü/saqutcompiler/tests/lsp/fixtures" "--scenario" "/home/saqut/Masaüstü/saqutcompiler/tests/lsp/16_completion_scope_method.jsonl" "--expected" "/home/saqut/Masaüstü/saqutcompiler/tests/lsp/16_completion_scope_method.expected.jsonl"
Directory: /home/saqut/Masaüstü/saqutcompiler/build-rel
"lsp_16_completion_scope_method" start time: Jul 30 23:19 +03
Output:
----------------------------------------------------------
OK: /home/saqut/Masaüstü/saqutcompiler/tests/lsp/16_completion_scope_method.jsonl (3 mesaj eşleşti)
<end of output>
Test time =   0.06 sec
----------------------------------------------------------
Test Passed.
"lsp_16_completion_scope_method" end time: Jul 30 23:19 +03
"lsp_16_completion_scope_method" time elapsed: 00:00:00
----------------------------------------------------------

173/187 Testing: lsp_17_rename
173/187 Test: lsp_17_rename
Command: "/usr/bin/python3" "/home/saqut/Masaüstü/saqutcompiler/tests/lsp/lsp_test_driver.py" "--binary" "/home/saqut/Masaüstü/saqutcompiler/build-rel/saqut" "--fixtures" "/home/saqut/Masaüstü/saqutcompiler/tests/lsp/fixtures" "--scenario" "/home/saqut/Masaüstü/saqutcompiler/tests/lsp/17_rename.jsonl" "--expected" "/home/saqut/Masaüstü/saqutcompiler/tests/lsp/17_rename.expected.jsonl"
Directory: /home/saqut/Masaüstü/saqutcompiler/build-rel
"lsp_17_rename" start time: Jul 30 23:19 +03
Output:
----------------------------------------------------------
OK: /home/saqut/Masaüstü/saqutcompiler/tests/lsp/17_rename.jsonl (5 mesaj eşleşti)
<end of output>
Test time =   0.06 sec
----------------------------------------------------------
Test Passed.
"lsp_17_rename" end time: Jul 30 23:19 +03
"lsp_17_rename" time elapsed: 00:00:00
----------------------------------------------------------

174/187 Testing: lsp_18_rename_cross_file
174/187 Test: lsp_18_rename_cross_file
Command: "/usr/bin/python3" "/home/saqut/Masaüstü/saqutcompiler/tests/lsp/lsp_test_driver.py" "--binary" "/home/saqut/Masaüstü/saqutcompiler/build-rel/saqut" "--fixtures" "/home/saqut/Masaüstü/saqutcompiler/tests/lsp/fixtures" "--scenario" "/home/saqut/Masaüstü/saqutcompiler/tests/lsp/18_rename_cross_file.jsonl" "--expected" "/home/saqut/Masaüstü/saqutcompiler/tests/lsp/18_rename_cross_file.expected.jsonl"
Directory: /home/saqut/Masaüstü/saqutcompiler/build-rel
"lsp_18_rename_cross_file" start time: Jul 30 23:19 +03
Output:
----------------------------------------------------------
OK: /home/saqut/Masaüstü/saqutcompiler/tests/lsp/18_rename_cross_file.jsonl (4 mesaj eşleşti)
<end of output>
Test time =   0.06 sec
----------------------------------------------------------
Test Passed.
"lsp_18_rename_cross_file" end time: Jul 30 23:19 +03
"lsp_18_rename_cross_file" time elapsed: 00:00:00
----------------------------------------------------------

175/187 Testing: lsp_19_signature_help
175/187 Test: lsp_19_signature_help
Command: "/usr/bin/python3" "/home/saqut/Masaüstü/saqutcompiler/tests/lsp/lsp_test_driver.py" "--binary" "/home/saqut/Masaüstü/saqutcompiler/build-rel/saqut" "--fixtures" "/home/saqut/Masaüstü/saqutcompiler/tests/lsp/fixtures" "--scenario" "/home/saqut/Masaüstü/saqutcompiler/tests/lsp/19_signature_help.jsonl" "--expected" "/home/saqut/Masaüstü/saqutcompiler/tests/lsp/19_signature_help.expected.jsonl"
Directory: /home/saqut/Masaüstü/saqutcompiler/build-rel
"lsp_19_signature_help" start time: Jul 30 23:19 +03
Output:
----------------------------------------------------------
OK: /home/saqut/Masaüstü/saqutcompiler/tests/lsp/19_signature_help.jsonl (7 mesaj eşleşti)
<end of output>
Test time =   0.05 sec
----------------------------------------------------------
Test Passed.
"lsp_19_signature_help" end time: Jul 30 23:19 +03
"lsp_19_signature_help" time elapsed: 00:00:00
----------------------------------------------------------

176/187 Testing: lsp_20_robustness
176/187 Test: lsp_20_robustness
Command: "/usr/bin/python3" "/home/saqut/Masaüstü/saqutcompiler/tests/lsp/lsp_test_driver.py" "--binary" "/home/saqut/Masaüstü/saqutcompiler/build-rel/saqut" "--fixtures" "/home/saqut/Masaüstü/saqutcompiler/tests/lsp/fixtures" "--scenario" "/home/saqut/Masaüstü/saqutcompiler/tests/lsp/20_robustness.jsonl" "--expected" "/home/saqut/Masaüstü/saqutcompiler/tests/lsp/20_robustness.expected.jsonl"
Directory: /home/saqut/Masaüstü/saqutcompiler/build-rel
"lsp_20_robustness" start time: Jul 30 23:19 +03
Output:
----------------------------------------------------------
OK: /home/saqut/Masaüstü/saqutcompiler/tests/lsp/20_robustness.jsonl (6 mesaj eşleşti)
<end of output>
Test time =   0.06 sec
----------------------------------------------------------
Test Passed.
"lsp_20_robustness" end time: Jul 30 23:19 +03
"lsp_20_robustness" time elapsed: 00:00:00
----------------------------------------------------------

177/187 Testing: lsp_21_completion_ufcs
177/187 Test: lsp_21_completion_ufcs
Command: "/usr/bin/python3" "/home/saqut/Masaüstü/saqutcompiler/tests/lsp/lsp_test_driver.py" "--binary" "/home/saqut/Masaüstü/saqutcompiler/build-rel/saqut" "--fixtures" "/home/saqut/Masaüstü/saqutcompiler/tests/lsp/fixtures" "--scenario" "/home/saqut/Masaüstü/saqutcompiler/tests/lsp/21_completion_ufcs.jsonl" "--expected" "/home/saqut/Masaüstü/saqutcompiler/tests/lsp/21_completion_ufcs.expected.jsonl"
Directory: /home/saqut/Masaüstü/saqutcompiler/build-rel
"lsp_21_completion_ufcs" start time: Jul 30 23:19 +03
Output:
----------------------------------------------------------
OK: /home/saqut/Masaüstü/saqutcompiler/tests/lsp/21_completion_ufcs.jsonl (5 mesaj eşleşti)
<end of output>
Test time =   0.06 sec
----------------------------------------------------------
Test Passed.
"lsp_21_completion_ufcs" end time: Jul 30 23:19 +03
"lsp_21_completion_ufcs" time elapsed: 00:00:00
----------------------------------------------------------

178/187 Testing: dap_01_initialize
178/187 Test: dap_01_initialize
Command: "/usr/bin/python3" "/home/saqut/Masaüstü/saqutcompiler/tests/dap/dap_test_driver.py" "--binary" "/home/saqut/Masaüstü/saqutcompiler/build-rel/saqut" "--fixtures" "/home/saqut/Masaüstü/saqutcompiler/tests/dap/fixtures" "--scenario" "/home/saqut/Masaüstü/saqutcompiler/tests/dap/01_initialize.jsonl" "--expected" "/home/saqut/Masaüstü/saqutcompiler/tests/dap/01_initialize.expected.jsonl"
Directory: /home/saqut/Masaüstü/saqutcompiler/build-rel
"dap_01_initialize" start time: Jul 30 23:19 +03
Output:
----------------------------------------------------------
OK: /home/saqut/Masaüstü/saqutcompiler/tests/dap/01_initialize.jsonl (2 mesaj eşleşti)
<end of output>
Test time =   0.06 sec
----------------------------------------------------------
Test Passed.
"dap_01_initialize" end time: Jul 30 23:19 +03
"dap_01_initialize" time elapsed: 00:00:00
----------------------------------------------------------

179/187 Testing: dap_02_launch_config_done
179/187 Test: dap_02_launch_config_done
Command: "/usr/bin/python3" "/home/saqut/Masaüstü/saqutcompiler/tests/dap/dap_test_driver.py" "--binary" "/home/saqut/Masaüstü/saqutcompiler/build-rel/saqut" "--fixtures" "/home/saqut/Masaüstü/saqutcompiler/tests/dap/fixtures" "--scenario" "/home/saqut/Masaüstü/saqutcompiler/tests/dap/02_launch_config_done.jsonl" "--expected" "/home/saqut/Masaüstü/saqutcompiler/tests/dap/02_launch_config_done.expected.jsonl"
Directory: /home/saqut/Masaüstü/saqutcompiler/build-rel
"dap_02_launch_config_done" start time: Jul 30 23:19 +03
Output:
----------------------------------------------------------
OK: /home/saqut/Masaüstü/saqutcompiler/tests/dap/02_launch_config_done.jsonl (5 mesaj eşleşti)
<end of output>
Test time =   0.06 sec
----------------------------------------------------------
Test Passed.
"dap_02_launch_config_done" end time: Jul 30 23:19 +03
"dap_02_launch_config_done" time elapsed: 00:00:00
----------------------------------------------------------

180/187 Testing: dap_03_stack_vars
180/187 Test: dap_03_stack_vars
Command: "/usr/bin/python3" "/home/saqut/Masaüstü/saqutcompiler/tests/dap/dap_test_driver.py" "--binary" "/home/saqut/Masaüstü/saqutcompiler/build-rel/saqut" "--fixtures" "/home/saqut/Masaüstü/saqutcompiler/tests/dap/fixtures" "--scenario" "/home/saqut/Masaüstü/saqutcompiler/tests/dap/03_stack_vars.jsonl" "--expected" "/home/saqut/Masaüstü/saqutcompiler/tests/dap/03_stack_vars.expected.jsonl"
Directory: /home/saqut/Masaüstü/saqutcompiler/build-rel
"dap_03_stack_vars" start time: Jul 30 23:19 +03
Output:
----------------------------------------------------------
OK: /home/saqut/Masaüstü/saqutcompiler/tests/dap/03_stack_vars.jsonl (8 mesaj eşleşti)
<end of output>
Test time =   0.05 sec
----------------------------------------------------------
Test Passed.
"dap_03_stack_vars" end time: Jul 30 23:19 +03
"dap_03_stack_vars" time elapsed: 00:00:00
----------------------------------------------------------

181/187 Testing: dap_04_variables_struct
181/187 Test: dap_04_variables_struct
Command: "/usr/bin/python3" "/home/saqut/Masaüstü/saqutcompiler/tests/dap/dap_test_driver.py" "--binary" "/home/saqut/Masaüstü/saqutcompiler/build-rel/saqut" "--fixtures" "/home/saqut/Masaüstü/saqutcompiler/tests/dap/fixtures" "--scenario" "/home/saqut/Masaüstü/saqutcompiler/tests/dap/04_variables_struct.jsonl" "--expected" "/home/saqut/Masaüstü/saqutcompiler/tests/dap/04_variables_struct.expected.jsonl"
Directory: /home/saqut/Masaüstü/saqutcompiler/build-rel
"dap_04_variables_struct" start time: Jul 30 23:19 +03
Output:
----------------------------------------------------------
OK: /home/saqut/Masaüstü/saqutcompiler/tests/dap/04_variables_struct.jsonl (15 mesaj eşleşti)
<end of output>
Test time =   0.05 sec
----------------------------------------------------------
Test Passed.
"dap_04_variables_struct" end time: Jul 30 23:19 +03
"dap_04_variables_struct" time elapsed: 00:00:00
----------------------------------------------------------

182/187 Testing: dap_05_output_event
182/187 Test: dap_05_output_event
Command: "/usr/bin/python3" "/home/saqut/Masaüstü/saqutcompiler/tests/dap/dap_test_driver.py" "--binary" "/home/saqut/Masaüstü/saqutcompiler/build-rel/saqut" "--fixtures" "/home/saqut/Masaüstü/saqutcompiler/tests/dap/fixtures" "--scenario" "/home/saqut/Masaüstü/saqutcompiler/tests/dap/05_output_event.jsonl" "--expected" "/home/saqut/Masaüstü/saqutcompiler/tests/dap/05_output_event.expected.jsonl"
Directory: /home/saqut/Masaüstü/saqutcompiler/build-rel
"dap_05_output_event" start time: Jul 30 23:19 +03
Output:
----------------------------------------------------------
OK: /home/saqut/Masaüstü/saqutcompiler/tests/dap/05_output_event.jsonl (9 mesaj eşleşti)
<end of output>
Test time =   0.06 sec
----------------------------------------------------------
Test Passed.
"dap_05_output_event" end time: Jul 30 23:19 +03
"dap_05_output_event" time elapsed: 00:00:00
----------------------------------------------------------

183/187 Testing: dap_06_no_stop_on_entry
183/187 Test: dap_06_no_stop_on_entry
Command: "/usr/bin/python3" "/home/saqut/Masaüstü/saqutcompiler/tests/dap/dap_test_driver.py" "--binary" "/home/saqut/Masaüstü/saqutcompiler/build-rel/saqut" "--fixtures" "/home/saqut/Masaüstü/saqutcompiler/tests/dap/fixtures" "--scenario" "/home/saqut/Masaüstü/saqutcompiler/tests/dap/06_no_stop_on_entry.jsonl" "--expected" "/home/saqut/Masaüstü/saqutcompiler/tests/dap/06_no_stop_on_entry.expected.jsonl"
Directory: /home/saqut/Masaüstü/saqutcompiler/build-rel
"dap_06_no_stop_on_entry" start time: Jul 30 23:19 +03
Output:
----------------------------------------------------------
OK: /home/saqut/Masaüstü/saqutcompiler/tests/dap/06_no_stop_on_entry.jsonl (7 mesaj eşleşti)
<end of output>
Test time =   0.07 sec
----------------------------------------------------------
Test Passed.
"dap_06_no_stop_on_entry" end time: Jul 30 23:19 +03
"dap_06_no_stop_on_entry" time elapsed: 00:00:00
----------------------------------------------------------

184/187 Testing: dap_07_breakpoint_hit
184/187 Test: dap_07_breakpoint_hit
Command: "/usr/bin/python3" "/home/saqut/Masaüstü/saqutcompiler/tests/dap/dap_test_driver.py" "--binary" "/home/saqut/Masaüstü/saqutcompiler/build-rel/saqut" "--fixtures" "/home/saqut/Masaüstü/saqutcompiler/tests/dap/fixtures" "--scenario" "/home/saqut/Masaüstü/saqutcompiler/tests/dap/07_breakpoint_hit.jsonl" "--expected" "/home/saqut/Masaüstü/saqutcompiler/tests/dap/07_breakpoint_hit.expected.jsonl"
Directory: /home/saqut/Masaüstü/saqutcompiler/build-rel
"dap_07_breakpoint_hit" start time: Jul 30 23:19 +03
Output:
----------------------------------------------------------
OK: /home/saqut/Masaüstü/saqutcompiler/tests/dap/07_breakpoint_hit.jsonl (10 mesaj eşleşti)
<end of output>
Test time =   0.05 sec
----------------------------------------------------------
Test Passed.
"dap_07_breakpoint_hit" end time: Jul 30 23:19 +03
"dap_07_breakpoint_hit" time elapsed: 00:00:00
----------------------------------------------------------

185/187 Testing: dap_08_breakpoint_unverified
185/187 Test: dap_08_breakpoint_unverified
Command: "/usr/bin/python3" "/home/saqut/Masaüstü/saqutcompiler/tests/dap/dap_test_driver.py" "--binary" "/home/saqut/Masaüstü/saqutcompiler/build-rel/saqut" "--fixtures" "/home/saqut/Masaüstü/saqutcompiler/tests/dap/fixtures" "--scenario" "/home/saqut/Masaüstü/saqutcompiler/tests/dap/08_breakpoint_unverified.jsonl" "--expected" "/home/saqut/Masaüstü/saqutcompiler/tests/dap/08_breakpoint_unverified.expected.jsonl"
Directory: /home/saqut/Masaüstü/saqutcompiler/build-rel
"dap_08_breakpoint_unverified" start time: Jul 30 23:19 +03
Output:
----------------------------------------------------------
OK: /home/saqut/Masaüstü/saqutcompiler/tests/dap/08_breakpoint_unverified.jsonl (8 mesaj eşleşti)
<end of output>
Test time =   0.05 sec
----------------------------------------------------------
Test Passed.
"dap_08_breakpoint_unverified" end time: Jul 30 23:19 +03
"dap_08_breakpoint_unverified" time elapsed: 00:00:00
----------------------------------------------------------

186/187 Testing: dap_09_pause_infinite_loop
186/187 Test: dap_09_pause_infinite_loop
Command: "/usr/bin/python3" "/home/saqut/Masaüstü/saqutcompiler/tests/dap/dap_test_driver.py" "--binary" "/home/saqut/Masaüstü/saqutcompiler/build-rel/saqut" "--fixtures" "/home/saqut/Masaüstü/saqutcompiler/tests/dap/fixtures" "--scenario" "/home/saqut/Masaüstü/saqutcompiler/tests/dap/09_pause_infinite_loop.jsonl" "--expected" "/home/saqut/Masaüstü/saqutcompiler/tests/dap/09_pause_infinite_loop.expected.jsonl"
Directory: /home/saqut/Masaüstü/saqutcompiler/build-rel
"dap_09_pause_infinite_loop" start time: Jul 30 23:19 +03
Output:
----------------------------------------------------------
OK: /home/saqut/Masaüstü/saqutcompiler/tests/dap/09_pause_infinite_loop.jsonl (7 mesaj eşleşti)
<end of output>
Test time =   0.05 sec
----------------------------------------------------------
Test Passed.
"dap_09_pause_infinite_loop" end time: Jul 30 23:19 +03
"dap_09_pause_infinite_loop" time elapsed: 00:00:00
----------------------------------------------------------

187/187 Testing: dap_10_step_lines
187/187 Test: dap_10_step_lines
Command: "/usr/bin/python3" "/home/saqut/Masaüstü/saqutcompiler/tests/dap/dap_test_driver.py" "--binary" "/home/saqut/Masaüstü/saqutcompiler/build-rel/saqut" "--fixtures" "/home/saqut/Masaüstü/saqutcompiler/tests/dap/fixtures" "--scenario" "/home/saqut/Masaüstü/saqutcompiler/tests/dap/10_step_lines.jsonl" "--expected" "/home/saqut/Masaüstü/saqutcompiler/tests/dap/10_step_lines.expected.jsonl"
Directory: /home/saqut/Masaüstü/saqutcompiler/build-rel
"dap_10_step_lines" start time: Jul 30 23:19 +03
Output:
----------------------------------------------------------
OK: /home/saqut/Masaüstü/saqutcompiler/tests/dap/10_step_lines.jsonl (13 mesaj eşleşti)
<end of output>
Test time =   0.05 sec
----------------------------------------------------------
Test Passed.
"dap_10_step_lines" end time: Jul 30 23:19 +03
"dap_10_step_lines" time elapsed: 00:00:00
----------------------------------------------------------

End testing: Jul 30 23:19 +03
